<?xml version="1.0" encoding="UTF-8" ?>
<!-- This file has been generated with the OpenXES library. It conforms -->
<!-- to the XML serialization of the XES standard for log storage and -->
<!-- management. -->
<!-- XES standard version: 1.0 -->
<!-- OpenXES library version: 1.0RC7 -->
<!-- OpenXES is available from http://www.openxes.org/ -->
<log xes.version="1.0" xes.features="nested-attributes" openxes.version="1.0RC7" xmlns="http://www.xes-standard.org/">
	<extension name="Time" prefix="time" uri="http://www.xes-standard.org/time.xesext"/>
	<extension name="Lifecycle" prefix="lifecycle" uri="http://www.xes-standard.org/lifecycle.xesext"/>
	<extension name="Concept" prefix="concept" uri="http://www.xes-standard.org/concept.xesext"/>
	<classifier name="Event Name" keys="concept:name"/>
	<string key="concept:name" value="Synthetic log for process: new model"/>
	<string key="lifecycle:model" value="standard"/>
	<trace>
		<string key="concept:name" value="Synthetic trace no. 00"/>
		<event>
			<string key="concept:name" value="C"/>
			<string key="lifecycle:transition" value="complete"/>
			<date key="time:timestamp" value="2014-11-11T14:36:45.569+02:00"/>
		</event>
		<event>
			<string key="concept:name" value="A"/>
			<string key="lifecycle:transition" value="complete"/>
			<date key="time:timestamp" value="2014-11-11T19:10:27.444+02:00"/>
		</event>
		<event>
			<string key="concept:name" value="B"/>
			<string key="lifecycle:transition" value="complete"/>
			<date key="time:timestamp" value="2014-11-12T15:44:28.513+02:00"/>
		</event>
		<event>
			<string key="concept:name" value="C"/>
			<string key="lifecycle:transition" value="complete"/>
			<date key="time:timestamp" value="2014-11-12T17:46:04.905+02:00"/>
		</event>
		<event>
			<string key="concept:name" value="B"/>
			<string key="lifecycle:transition" value="complete"/>
			<date key="time:timestamp" value="2014-11-13T05:42:39.231+02:00"/>
		</event>
		<event>
			<string key="concept:name" value="B"/>
			<string key="lifecycle:transition" value="complete"/>
			<date key="time:timestamp" value="2014-11-13T07:33:25.138+02:00"/>
		</event>
		<event>
			<string key="concept:name" value="B"/>
			<string key="lifecycle:transition" value="complete"/>
			<date key="time:timestamp" value="2014-11-13T17:48:08.561+02:00"/>
		</event>
		<event>
			<string key="concept:name" value="B"/>
			<string key="lifecycle:transition" value="complete"/>
			<date key="time:timestamp" value="2014-11-14T11:50:29.956+02:00"/>
		</event>
		<event>
			<string key="concept:name" value="B"/>
			<string key="lifecycle:transition" value="complete"/>
			<date key="time:timestamp" value="2014-11-15T07:18:49.607+02:00"/>
		</event>
		<event>
			<string key="concept:name" value="B"/>
			<string key="lifecycle:transition" value="complete"/>
			<date key="time:timestamp" value="2014-11-16T06:00:30.494+02:00"/>
		</event>
	</trace>
	<trace>
		<string key="concept:name" value="Synthetic trace no. 01"/>
		<event>
			<string key="concept:name" value="A"/>
			<string key="lifecycle:transition" value="complete"/>
			<date key="time:timestamp" value="2014-11-16T09:25:50.034+02:00"/>
		</event>
		<event>
			<string key="concept:name" value="C"/>
			<string key="lifecycle:transition" value="complete"/>
			<date key="time:timestamp" value="2014-11-16T09:48:17.469+02:00"/>
		</event>
		<event>
			<string key="concept:name" value="B"/>
			<string key="lifecycle:transition" value="complete"/>
			<date key="time:timestamp" value="2014-11-16T16:54:41.564+02:00"/>
		</event>
		<event>
			<string key="concept:name" value="B"/>
			<string key="lifecycle:transition" value="complete"/>
			<date key="time:timestamp" value="2014-11-16T18:05:30.239+02:00"/>
		</event>
		<event>
			<string key="concept:name" value="C"/>
			<string key="lifecycle:transition" value="complete"/>
			<date key="time:timestamp" value="2014-11-17T07:58:49.648+02:00"/>
		</event>
		<event>
			<string key="concept:name" value="C"/>
			<string key="lifecycle:transition" value="complete"/>
			<date key="time:timestamp" value="2014-11-17T23:12:06.638+02:00"/>
		</event>
		<event>
			<string key="concept:name" value="C"/>
			<string key="lifecycle:transition" value="complete"/>
			<date key="time:timestamp" value="2014-11-18T16:43:55.709+02:00"/>
		</event>
		<event>
			<string key="concept:name" value="A"/>
			<string key="lifecycle:transition" value="complete"/>
			<date key="time:timestamp" value="2014-11-19T01:06:07.937+02:00"/>
		</event>
		<event>
			<string key="concept:name" value="C"/>
			<string key="lifecycle:transition" value="complete"/>
			<date key="time:timestamp" value="2014-11-19T11:01:11.752+02:00"/>
		</event>
		<event>
			<string key="concept:name" value="C"/>
			<string key="lifecycle:transition" value="complete"/>
			<date key="time:timestamp" value="2014-11-20T01:11:47.683+02:00"/>
		</event>
	</trace>
	<trace>
		<string key="concept:name" value="Synthetic trace no. 02"/>
		<event>
			<string key="concept:name" value="B"/>
			<string key="lifecycle:transition" value="complete"/>
			<date key="time:timestamp" value="2014-11-20T05:02:58.871+02:00"/>
		</event>
		<event>
			<string key="concept:name" value="C"/>
			<string key="lifecycle:transition" value="complete"/>
			<date key="time:timestamp" value="2014-11-21T01:59:16.393+02:00"/>
		</event>
		<event>
			<string key="concept:name" value="C"/>
			<string key="lifecycle:transition" value="complete"/>
			<date key="time:timestamp" value="2014-11-21T03:53:02.956+02:00"/>
		</event>
		<event>
			<string key="concept:name" value="C"/>
			<string key="lifecycle:transition" value="complete"/>
			<date key="time:timestamp" value="2014-11-21T15:16:45.176+02:00"/>
		</event>
		<event>
			<string key="concept:name" value="B"/>
			<string key="lifecycle:transition" value="complete"/>
			<date key="time:timestamp" value="2014-11-21T15:19:14.967+02:00"/>
		</event>
		<event>
			<string key="concept:name" value="A"/>
			<string key="lifecycle:transition" value="complete"/>
			<date key="time:timestamp" value="2014-11-22T12:42:17.893+02:00"/>
		</event>
		<event>
			<string key="concept:name" value="B"/>
			<string key="lifecycle:transition" value="complete"/>
			<date key="time:timestamp" value="2014-11-22T13:57:45.936+02:00"/>
		</event>
		<event>
			<string key="concept:name" value="B"/>
			<string key="lifecycle:transition" value="complete"/>
			<date key="time:timestamp" value="2014-11-23T04:32:18.025+02:00"/>
		</event>
		<event>
			<string key="concept:name" value="C"/>
			<string key="lifecycle:transition" value="complete"/>
			<date key="time:timestamp" value="2014-11-23T13:08:24.559+02:00"/>
		</event>
		<event>
			<string key="concept:name" value="C"/>
			<string key="lifecycle:transition" value="complete"/>
			<date key="time:timestamp" value="2014-11-23T21:36:16.790+02:00"/>
		</event>
	</trace>
	<trace>
		<string key="concept:name" value="Synthetic trace no. 03"/>
		<event>
			<string key="concept:name" value="A"/>
			<string key="lifecycle:transition" value="complete"/>
			<date key="time:timestamp" value="2014-11-24T20:39:12.801+02:00"/>
		</event>
		<event>
			<string key="concept:name" value="A"/>
			<string key="lifecycle:transition" value="complete"/>
			<date key="time:timestamp" value="2014-11-25T02:10:44.330+02:00"/>
		</event>
		<event>
			<string key="concept:name" value="A"/>
			<string key="lifecycle:transition" value="complete"/>
			<date key="time:timestamp" value="2014-11-25T12:48:46.966+02:00"/>
		</event>
		<event>
			<string key="concept:name" value="C"/>
			<string key="lifecycle:transition" value="complete"/>
			<date key="time:timestamp" value="2014-11-25T20:46:51.364+02:00"/>
		</event>
		<event>
			<string key="concept:name" value="A"/>
			<string key="lifecycle:transition" value="complete"/>
			<date key="time:timestamp" value="2014-11-26T14:47:53.552+02:00"/>
		</event>
		<event>
			<string key="concept:name" value="A"/>
			<string key="lifecycle:transition" value="complete"/>
			<date key="time:timestamp" value="2014-11-27T01:37:23.074+02:00"/>
		</event>
		<event>
			<string key="concept:name" value="B"/>
			<string key="lifecycle:transition" value="complete"/>
			<date key="time:timestamp" value="2014-11-27T02:08:36.226+02:00"/>
		</event>
		<event>
			<string key="concept:name" value="B"/>
			<string key="lifecycle:transition" value="complete"/>
			<date key="time:timestamp" value="2014-11-27T09:51:49.615+02:00"/>
		</event>
		<event>
			<string key="concept:name" value="B"/>
			<string key="lifecycle:transition" value="complete"/>
			<date key="time:timestamp" value="2014-11-27T22:04:08.078+02:00"/>
		</event>
		<event>
			<string key="concept:name" value="B"/>
			<string key="lifecycle:transition" value="complete"/>
			<date key="time:timestamp" value="2014-11-28T15:57:44.095+02:00"/>
		</event>
	</trace>
	<trace>
		<string key="concept:name" value="Synthetic trace no. 04"/>
		<event>
			<string key="concept:name" value="B"/>
			<string key="lifecycle:transition" value="complete"/>
			<date key="time:timestamp" value="2014-11-28T19:00:56.086+02:00"/>
		</event>
		<event>
			<string key="concept:name" value="B"/>
			<string key="lifecycle:transition" value="complete"/>
			<date key="time:timestamp" value="2014-11-29T09:02:53.643+02:00"/>
		</event>
		<event>
			<string key="concept:name" value="A"/>
			<string key="lifecycle:transition" value="complete"/>
			<date key="time:timestamp" value="2014-11-29T13:24:58.131+02:00"/>
		</event>
		<event>
			<string key="concept:name" value="A"/>
			<string key="lifecycle:transition" value="complete"/>
			<date key="time:timestamp" value="2014-11-29T17:37:51.755+02:00"/>
		</event>
		<event>
			<string key="concept:name" value="B"/>
			<string key="lifecycle:transition" value="complete"/>
			<date key="time:timestamp" value="2014-11-30T01:04:38.882+02:00"/>
		</event>
		<event>
			<string key="concept:name" value="B"/>
			<string key="lifecycle:transition" value="complete"/>
			<date key="time:timestamp" value="2014-11-30T05:24:17.175+02:00"/>
		</event>
		<event>
			<string key="concept:name" value="A"/>
			<string key="lifecycle:transition" value="complete"/>
			<date key="time:timestamp" value="2014-11-30T15:23:32.639+02:00"/>
		</event>
		<event>
			<string key="concept:name" value="A"/>
			<string key="lifecycle:transition" value="complete"/>
			<date key="time:timestamp" value="2014-11-30T19:28:07.897+02:00"/>
		</event>
		<event>
			<string key="concept:name" value="C"/>
			<string key="lifecycle:transition" value="complete"/>
			<date key="time:timestamp" value="2014-12-01T11:20:39.853+02:00"/>
		</event>
		<event>
			<string key="concept:name" value="A"/>
			<string key="lifecycle:transition" value="complete"/>
			<date key="time:timestamp" value="2014-12-01T13:12:10.521+02:00"/>
		</event>
	</trace>
	<trace>
		<string key="concept:name" value="Synthetic trace no. 05"/>
		<event>
			<string key="concept:name" value="A"/>
			<string key="lifecycle:transition" value="complete"/>
			<date key="time:timestamp" value="2014-12-02T00:27:36.768+02:00"/>
		</event>
		<event>
			<string key="concept:name" value="C"/>
			<string key="lifecycle:transition" value="complete"/>
			<date key="time:timestamp" value="2014-12-02T04:17:13.633+02:00"/>
		</event>
		<event>
			<string key="concept:name" value="C"/>
			<string key="lifecycle:transition" value="complete"/>
			<date key="time:timestamp" value="2014-12-02T23:54:09.085+02:00"/>
		</event>
		<event>
			<string key="concept:name" value="A"/>
			<string key="lifecycle:transition" value="complete"/>
			<date key="time:timestamp" value="2014-12-03T22:01:55.849+02:00"/>
		</event>
		<event>
			<string key="concept:name" value="B"/>
			<string key="lifecycle:transition" value="complete"/>
			<date key="time:timestamp" value="2014-12-04T08:50:11.272+02:00"/>
		</event>
		<event>
			<string key="concept:name" value="C"/>
			<string key="lifecycle:transition" value="complete"/>
			<date key="time:timestamp" value="2014-12-04T17:26:36.191+02:00"/>
		</event>
		<event>
			<string key="concept:name" value="A"/>
			<string key="lifecycle:transition" value="complete"/>
			<date key="time:timestamp" value="2014-12-04T23:26:08.771+02:00"/>
		</event>
		<event>
			<string key="concept:name" value="C"/>
			<string key="lifecycle:transition" value="complete"/>
			<date key="time:timestamp" value="2014-12-05T08:33:51.631+02:00"/>
		</event>
		<event>
			<string key="concept:name" value="B"/>
			<string key="lifecycle:transition" value="complete"/>
			<date key="time:timestamp" value="2014-12-05T18:35:35.735+02:00"/>
		</event>
		<event>
			<string key="concept:name" value="C"/>
			<string key="lifecycle:transition" value="complete"/>
			<date key="time:timestamp" value="2014-12-06T04:55:45.060+02:00"/>
		</event>
	</trace>
	<trace>
		<string key="concept:name" value="Synthetic trace no. 06"/>
		<event>
			<string key="concept:name" value="A"/>
			<string key="lifecycle:transition" value="complete"/>
			<date key="time:timestamp" value="2014-12-07T04:53:55.720+02:00"/>
		</event>
		<event>
			<string key="concept:name" value="A"/>
			<string key="lifecycle:transition" value="complete"/>
			<date key="time:timestamp" value="2014-12-08T01:52:26.491+02:00"/>
		</event>
		<event>
			<string key="concept:name" value="A"/>
			<string key="lifecycle:transition" value="complete"/>
			<date key="time:timestamp" value="2014-12-08T11:19:33.138+02:00"/>
		</event>
		<event>
			<string key="concept:name" value="B"/>
			<string key="lifecycle:transition" value="complete"/>
			<date key="time:timestamp" value="2014-12-09T08:24:34.882+02:00"/>
		</event>
		<event>
			<string key="concept:name" value="C"/>
			<string key="lifecycle:transition" value="complete"/>
			<date key="time:timestamp" value="2014-12-10T05:51:28.038+02:00"/>
		</event>
		<event>
			<string key="concept:name" value="B"/>
			<string key="lifecycle:transition" value="complete"/>
			<date key="time:timestamp" value="2014-12-10T21:47:14.776+02:00"/>
		</event>
		<event>
			<string key="concept:name" value="A"/>
			<string key="lifecycle:transition" value="complete"/>
			<date key="time:timestamp" value="2014-12-11T10:12:58.266+02:00"/>
		</event>
		<event>
			<string key="concept:name" value="A"/>
			<string key="lifecycle:transition" value="complete"/>
			<date key="time:timestamp" value="2014-12-11T12:37:16.380+02:00"/>
		</event>
		<event>
			<string key="concept:name" value="A"/>
			<string key="lifecycle:transition" value="complete"/>
			<date key="time:timestamp" value="2014-12-11T20:31:35.156+02:00"/>
		</event>
		<event>
			<string key="concept:name" value="A"/>
			<string key="lifecycle:transition" value="complete"/>
			<date key="time:timestamp" value="2014-12-11T21:33:23.971+02:00"/>
		</event>
	</trace>
	<trace>
		<string key="concept:name" value="Synthetic trace no. 07"/>
		<event>
			<string key="concept:name" value="B"/>
			<string key="lifecycle:transition" value="complete"/>
			<date key="time:timestamp" value="2014-12-12T01:30:43.168+02:00"/>
		</event>
		<event>
			<string key="concept:name" value="A"/>
			<string key="lifecycle:transition" value="complete"/>
			<date key="time:timestamp" value="2014-12-12T21:42:46.616+02:00"/>
		</event>
		<event>
			<string key="concept:name" value="A"/>
			<string key="lifecycle:transition" value="complete"/>
			<date key="time:timestamp" value="2014-12-13T14:45:18.327+02:00"/>
		</event>
		<event>
			<string key="concept:name" value="C"/>
			<string key="lifecycle:transition" value="complete"/>
			<date key="time:timestamp" value="2014-12-13T15:31:24.015+02:00"/>
		</event>
		<event>
			<string key="concept:name" value="A"/>
			<string key="lifecycle:transition" value="complete"/>
			<date key="time:timestamp" value="2014-12-13T20:04:46.282+02:00"/>
		</event>
		<event>
			<string key="concept:name" value="B"/>
			<string key="lifecycle:transition" value="complete"/>
			<date key="time:timestamp" value="2014-12-14T14:20:27.952+02:00"/>
		</event>
		<event>
			<string key="concept:name" value="B"/>
			<string key="lifecycle:transition" value="complete"/>
			<date key="time:timestamp" value="2014-12-15T04:09:55.969+02:00"/>
		</event>
		<event>
			<string key="concept:name" value="B"/>
			<string key="lifecycle:transition" value="complete"/>
			<date key="time:timestamp" value="2014-12-15T16:22:52.353+02:00"/>
		</event>
		<event>
			<string key="concept:name" value="B"/>
			<string key="lifecycle:transition" value="complete"/>
			<date key="time:timestamp" value="2014-12-15T23:24:34.372+02:00"/>
		</event>
		<event>
			<string key="concept:name" value="C"/>
			<string key="lifecycle:transition" value="complete"/>
			<date key="time:timestamp" value="2014-12-16T20:53:25.138+02:00"/>
		</event>
	</trace>
	<trace>
		<string key="concept:name" value="Synthetic trace no. 08"/>
		<event>
			<string key="concept:name" value="B"/>
			<string key="lifecycle:transition" value="complete"/>
			<date key="time:timestamp" value="2014-12-17T12:21:54.745+02:00"/>
		</event>
		<event>
			<string key="concept:name" value="B"/>
			<string key="lifecycle:transition" value="complete"/>
			<date key="time:timestamp" value="2014-12-17T20:04:16.443+02:00"/>
		</event>
		<event>
			<string key="concept:name" value="C"/>
			<string key="lifecycle:transition" value="complete"/>
			<date key="time:timestamp" value="2014-12-18T02:47:33.657+02:00"/>
		</event>
		<event>
			<string key="concept:name" value="C"/>
			<string key="lifecycle:transition" value="complete"/>
			<date key="time:timestamp" value="2014-12-18T15:57:45.623+02:00"/>
		</event>
		<event>
			<string key="concept:name" value="B"/>
			<string key="lifecycle:transition" value="complete"/>
			<date key="time:timestamp" value="2014-12-19T03:35:55.847+02:00"/>
		</event>
		<event>
			<string key="concept:name" value="A"/>
			<string key="lifecycle:transition" value="complete"/>
			<date key="time:timestamp" value="2014-12-19T08:33:15.103+02:00"/>
		</event>
		<event>
			<string key="concept:name" value="B"/>
			<string key="lifecycle:transition" value="complete"/>
			<date key="time:timestamp" value="2014-12-19T18:32:45.428+02:00"/>
		</event>
		<event>
			<string key="concept:name" value="A"/>
			<string key="lifecycle:transition" value="complete"/>
			<date key="time:timestamp" value="2014-12-20T01:51:03.815+02:00"/>
		</event>
		<event>
			<string key="concept:name" value="C"/>
			<string key="lifecycle:transition" value="complete"/>
			<date key="time:timestamp" value="2014-12-20T19:54:23.218+02:00"/>
		</event>
		<event>
			<string key="concept:name" value="C"/>
			<string key="lifecycle:transition" value="complete"/>
			<date key="time:timestamp" value="2014-12-21T09:48:21.811+02:00"/>
		</event>
	</trace>
	<trace>
		<string key="concept:name" value="Synthetic trace no. 09"/>
		<event>
			<string key="concept:name" value="C"/>
			<string key="lifecycle:transition" value="complete"/>
			<date key="time:timestamp" value="2014-12-21T15:55:55.100+02:00"/>
		</event>
		<event>
			<string key="concept:name" value="A"/>
			<string key="lifecycle:transition" value="complete"/>
			<date key="time:timestamp" value="2014-12-22T08:12:22.958+02:00"/>
		</event>
		<event>
			<string key="concept:name" value="B"/>
			<string key="lifecycle:transition" value="complete"/>
			<date key="time:timestamp" value="2014-12-22T16:39:43.873+02:00"/>
		</event>
		<event>
			<string key="concept:name" value="A"/>
			<string key="lifecycle:transition" value="complete"/>
			<date key="time:timestamp" value="2014-12-23T02:42:47.850+02:00"/>
		</event>
		<event>
			<string key="concept:name" value="B"/>
			<string key="lifecycle:transition" value="complete"/>
			<date key="time:timestamp" value="2014-12-24T00:38:22.063+02:00"/>
		</event>
		<event>
			<string key="concept:name" value="B"/>
			<string key="lifecycle:transition" value="complete"/>
			<date key="time:timestamp" value="2014-12-24T02:42:52.512+02:00"/>
		</event>
		<event>
			<string key="concept:name" value="C"/>
			<string key="lifecycle:transition" value="complete"/>
			<date key="time:timestamp" value="2014-12-24T04:31:25.421+02:00"/>
		</event>
		<event>
			<string key="concept:name" value="C"/>
			<string key="lifecycle:transition" value="complete"/>
			<date key="time:timestamp" value="2014-12-25T00:31:59.697+02:00"/>
		</event>
		<event>
			<string key="concept:name" value="A"/>
			<string key="lifecycle:transition" value="complete"/>
			<date key="time:timestamp" value="2014-12-25T16:41:46.337+02:00"/>
		</event>
		<event>
			<string key="concept:name" value="C"/>
			<string key="lifecycle:transition" value="complete"/>
			<date key="time:timestamp" value="2014-12-25T22:14:13.851+02:00"/>
		</event>
	</trace>
	<trace>
		<string key="concept:name" value="Synthetic trace no. 10"/>
		<event>
			<string key="concept:name" value="A"/>
			<string key="lifecycle:transition" value="complete"/>
			<date key="time:timestamp" value="2014-12-26T21:07:03.354+02:00"/>
		</event>
		<event>
			<string key="concept:name" value="C"/>
			<string key="lifecycle:transition" value="complete"/>
			<date key="time:timestamp" value="2014-12-27T16:12:00.231+02:00"/>
		</event>
		<event>
			<string key="concept:name" value="C"/>
			<string key="lifecycle:transition" value="complete"/>
			<date key="time:timestamp" value="2014-12-28T11:17:59.543+02:00"/>
		</event>
		<event>
			<string key="concept:name" value="B"/>
			<string key="lifecycle:transition" value="complete"/>
			<date key="time:timestamp" value="2014-12-29T00:37:45.135+02:00"/>
		</event>
		<event>
			<string key="concept:name" value="B"/>
			<string key="lifecycle:transition" value="complete"/>
			<date key="time:timestamp" value="2014-12-29T09:44:16.258+02:00"/>
		</event>
		<event>
			<string key="concept:name" value="B"/>
			<string key="lifecycle:transition" value="complete"/>
			<date key="time:timestamp" value="2014-12-30T07:07:09.423+02:00"/>
		</event>
		<event>
			<string key="concept:name" value="C"/>
			<string key="lifecycle:transition" value="complete"/>
			<date key="time:timestamp" value="2014-12-30T18:44:09.391+02:00"/>
		</event>
		<event>
			<string key="concept:name" value="C"/>
			<string key="lifecycle:transition" value="complete"/>
			<date key="time:timestamp" value="2014-12-30T19:27:12.010+02:00"/>
		</event>
		<event>
			<string key="concept:name" value="B"/>
			<string key="lifecycle:transition" value="complete"/>
			<date key="time:timestamp" value="2014-12-31T01:50:47.324+02:00"/>
		</event>
		<event>
			<string key="concept:name" value="B"/>
			<string key="lifecycle:transition" value="complete"/>
			<date key="time:timestamp" value="2014-12-31T18:10:56.155+02:00"/>
		</event>
	</trace>
	<trace>
		<string key="concept:name" value="Synthetic trace no. 11"/>
		<event>
			<string key="concept:name" value="B"/>
			<string key="lifecycle:transition" value="complete"/>
			<date key="time:timestamp" value="2015-01-01T06:32:39.615+02:00"/>
		</event>
		<event>
			<string key="concept:name" value="A"/>
			<string key="lifecycle:transition" value="complete"/>
			<date key="time:timestamp" value="2015-01-02T03:57:38.130+02:00"/>
		</event>
		<event>
			<string key="concept:name" value="B"/>
			<string key="lifecycle:transition" value="complete"/>
			<date key="time:timestamp" value="2015-01-02T11:24:57.286+02:00"/>
		</event>
		<event>
			<string key="concept:name" value="C"/>
			<string key="lifecycle:transition" value="complete"/>
			<date key="time:timestamp" value="2015-01-02T16:24:12.865+02:00"/>
		</event>
		<event>
			<string key="concept:name" value="A"/>
			<string key="lifecycle:transition" value="complete"/>
			<date key="time:timestamp" value="2015-01-03T02:21:46.571+02:00"/>
		</event>
		<event>
			<string key="concept:name" value="A"/>
			<string key="lifecycle:transition" value="complete"/>
			<date key="time:timestamp" value="2015-01-03T02:37:23.882+02:00"/>
		</event>
		<event>
			<string key="concept:name" value="C"/>
			<string key="lifecycle:transition" value="complete"/>
			<date key="time:timestamp" value="2015-01-03T17:36:23.064+02:00"/>
		</event>
		<event>
			<string key="concept:name" value="B"/>
			<string key="lifecycle:transition" value="complete"/>
			<date key="time:timestamp" value="2015-01-03T22:08:21.397+02:00"/>
		</event>
		<event>
			<string key="concept:name" value="C"/>
			<string key="lifecycle:transition" value="complete"/>
			<date key="time:timestamp" value="2015-01-04T01:58:41.263+02:00"/>
		</event>
		<event>
			<string key="concept:name" value="C"/>
			<string key="lifecycle:transition" value="complete"/>
			<date key="time:timestamp" value="2015-01-04T06:19:25.637+02:00"/>
		</event>
	</trace>
	<trace>
		<string key="concept:name" value="Synthetic trace no. 12"/>
		<event>
			<string key="concept:name" value="C"/>
			<string key="lifecycle:transition" value="complete"/>
			<date key="time:timestamp" value="2015-01-04T23:01:40.932+02:00"/>
		</event>
		<event>
			<string key="concept:name" value="C"/>
			<string key="lifecycle:transition" value="complete"/>
			<date key="time:timestamp" value="2015-01-05T02:37:14.894+02:00"/>
		</event>
		<event>
			<string key="concept:name" value="A"/>
			<string key="lifecycle:transition" value="complete"/>
			<date key="time:timestamp" value="2015-01-05T13:39:54.664+02:00"/>
		</event>
		<event>
			<string key="concept:name" value="A"/>
			<string key="lifecycle:transition" value="complete"/>
			<date key="time:timestamp" value="2015-01-06T06:55:27.545+02:00"/>
		</event>
		<event>
			<string key="concept:name" value="C"/>
			<string key="lifecycle:transition" value="complete"/>
			<date key="time:timestamp" value="2015-01-06T15:53:48.549+02:00"/>
		</event>
		<event>
			<string key="concept:name" value="C"/>
			<string key="lifecycle:transition" value="complete"/>
			<date key="time:timestamp" value="2015-01-07T10:27:22.038+02:00"/>
		</event>
		<event>
			<string key="concept:name" value="C"/>
			<string key="lifecycle:transition" value="complete"/>
			<date key="time:timestamp" value="2015-01-07T11:52:52.316+02:00"/>
		</event>
		<event>
			<string key="concept:name" value="A"/>
			<string key="lifecycle:transition" value="complete"/>
			<date key="time:timestamp" value="2015-01-08T01:37:37.921+02:00"/>
		</event>
		<event>
			<string key="concept:name" value="A"/>
			<string key="lifecycle:transition" value="complete"/>
			<date key="time:timestamp" value="2015-01-08T21:09:53.205+02:00"/>
		</event>
		<event>
			<string key="concept:name" value="B"/>
			<string key="lifecycle:transition" value="complete"/>
			<date key="time:timestamp" value="2015-01-09T18:46:05.331+02:00"/>
		</event>
	</trace>
	<trace>
		<string key="concept:name" value="Synthetic trace no. 13"/>
		<event>
			<string key="concept:name" value="B"/>
			<string key="lifecycle:transition" value="complete"/>
			<date key="time:timestamp" value="2015-01-10T09:11:54.257+02:00"/>
		</event>
		<event>
			<string key="concept:name" value="B"/>
			<string key="lifecycle:transition" value="complete"/>
			<date key="time:timestamp" value="2015-01-10T19:54:55.738+02:00"/>
		</event>
		<event>
			<string key="concept:name" value="A"/>
			<string key="lifecycle:transition" value="complete"/>
			<date key="time:timestamp" value="2015-01-11T17:29:02.070+02:00"/>
		</event>
		<event>
			<string key="concept:name" value="A"/>
			<string key="lifecycle:transition" value="complete"/>
			<date key="time:timestamp" value="2015-01-12T05:11:31.532+02:00"/>
		</event>
		<event>
			<string key="concept:name" value="A"/>
			<string key="lifecycle:transition" value="complete"/>
			<date key="time:timestamp" value="2015-01-12T18:19:13.234+02:00"/>
		</event>
		<event>
			<string key="concept:name" value="C"/>
			<string key="lifecycle:transition" value="complete"/>
			<date key="time:timestamp" value="2015-01-13T17:22:56.336+02:00"/>
		</event>
		<event>
			<string key="concept:name" value="B"/>
			<string key="lifecycle:transition" value="complete"/>
			<date key="time:timestamp" value="2015-01-14T01:18:12.766+02:00"/>
		</event>
		<event>
			<string key="concept:name" value="B"/>
			<string key="lifecycle:transition" value="complete"/>
			<date key="time:timestamp" value="2015-01-14T21:26:29.534+02:00"/>
		</event>
		<event>
			<string key="concept:name" value="A"/>
			<string key="lifecycle:transition" value="complete"/>
			<date key="time:timestamp" value="2015-01-15T10:41:52.580+02:00"/>
		</event>
		<event>
			<string key="concept:name" value="C"/>
			<string key="lifecycle:transition" value="complete"/>
			<date key="time:timestamp" value="2015-01-15T15:42:58.912+02:00"/>
		</event>
	</trace>
	<trace>
		<string key="concept:name" value="Synthetic trace no. 14"/>
		<event>
			<string key="concept:name" value="B"/>
			<string key="lifecycle:transition" value="complete"/>
			<date key="time:timestamp" value="2015-01-15T15:44:16.191+02:00"/>
		</event>
		<event>
			<string key="concept:name" value="B"/>
			<string key="lifecycle:transition" value="complete"/>
			<date key="time:timestamp" value="2015-01-15T21:08:16.367+02:00"/>
		</event>
		<event>
			<string key="concept:name" value="B"/>
			<string key="lifecycle:transition" value="complete"/>
			<date key="time:timestamp" value="2015-01-16T17:46:57.846+02:00"/>
		</event>
		<event>
			<string key="concept:name" value="A"/>
			<string key="lifecycle:transition" value="complete"/>
			<date key="time:timestamp" value="2015-01-16T21:44:55.802+02:00"/>
		</event>
		<event>
			<string key="concept:name" value="A"/>
			<string key="lifecycle:transition" value="complete"/>
			<date key="time:timestamp" value="2015-01-17T02:58:41.044+02:00"/>
		</event>
		<event>
			<string key="concept:name" value="A"/>
			<string key="lifecycle:transition" value="complete"/>
			<date key="time:timestamp" value="2015-01-18T00:04:21.058+02:00"/>
		</event>
		<event>
			<string key="concept:name" value="B"/>
			<string key="lifecycle:transition" value="complete"/>
			<date key="time:timestamp" value="2015-01-18T09:58:10.693+02:00"/>
		</event>
		<event>
			<string key="concept:name" value="C"/>
			<string key="lifecycle:transition" value="complete"/>
			<date key="time:timestamp" value="2015-01-18T21:06:04.707+02:00"/>
		</event>
		<event>
			<string key="concept:name" value="A"/>
			<string key="lifecycle:transition" value="complete"/>
			<date key="time:timestamp" value="2015-01-19T10:20:42.204+02:00"/>
		</event>
		<event>
			<string key="concept:name" value="C"/>
			<string key="lifecycle:transition" value="complete"/>
			<date key="time:timestamp" value="2015-01-20T09:40:24.791+02:00"/>
		</event>
	</trace>
	<trace>
		<string key="concept:name" value="Synthetic trace no. 15"/>
		<event>
			<string key="concept:name" value="A"/>
			<string key="lifecycle:transition" value="complete"/>
			<date key="time:timestamp" value="2015-01-20T20:16:13.656+02:00"/>
		</event>
		<event>
			<string key="concept:name" value="C"/>
			<string key="lifecycle:transition" value="complete"/>
			<date key="time:timestamp" value="2015-01-21T04:19:41.548+02:00"/>
		</event>
		<event>
			<string key="concept:name" value="C"/>
			<string key="lifecycle:transition" value="complete"/>
			<date key="time:timestamp" value="2015-01-21T23:41:49.329+02:00"/>
		</event>
		<event>
			<string key="concept:name" value="A"/>
			<string key="lifecycle:transition" value="complete"/>
			<date key="time:timestamp" value="2015-01-22T09:39:06.970+02:00"/>
		</event>
		<event>
			<string key="concept:name" value="A"/>
			<string key="lifecycle:transition" value="complete"/>
			<date key="time:timestamp" value="2015-01-22T16:47:37.873+02:00"/>
		</event>
		<event>
			<string key="concept:name" value="B"/>
			<string key="lifecycle:transition" value="complete"/>
			<date key="time:timestamp" value="2015-01-22T21:03:01.359+02:00"/>
		</event>
		<event>
			<string key="concept:name" value="B"/>
			<string key="lifecycle:transition" value="complete"/>
			<date key="time:timestamp" value="2015-01-23T13:10:30.160+02:00"/>
		</event>
		<event>
			<string key="concept:name" value="A"/>
			<string key="lifecycle:transition" value="complete"/>
			<date key="time:timestamp" value="2015-01-24T12:20:11.461+02:00"/>
		</event>
		<event>
			<string key="concept:name" value="B"/>
			<string key="lifecycle:transition" value="complete"/>
			<date key="time:timestamp" value="2015-01-24T15:55:16.793+02:00"/>
		</event>
		<event>
			<string key="concept:name" value="B"/>
			<string key="lifecycle:transition" value="complete"/>
			<date key="time:timestamp" value="2015-01-25T13:07:27.439+02:00"/>
		</event>
	</trace>
	<trace>
		<string key="concept:name" value="Synthetic trace no. 16"/>
		<event>
			<string key="concept:name" value="A"/>
			<string key="lifecycle:transition" value="complete"/>
			<date key="time:timestamp" value="2015-01-26T10:31:54.294+02:00"/>
		</event>
		<event>
			<string key="concept:name" value="C"/>
			<string key="lifecycle:transition" value="complete"/>
			<date key="time:timestamp" value="2015-01-27T09:37:59.983+02:00"/>
		</event>
		<event>
			<string key="concept:name" value="C"/>
			<string key="lifecycle:transition" value="complete"/>
			<date key="time:timestamp" value="2015-01-28T03:32:50.430+02:00"/>
		</event>
		<event>
			<string key="concept:name" value="B"/>
			<string key="lifecycle:transition" value="complete"/>
			<date key="time:timestamp" value="2015-01-28T05:45:09.577+02:00"/>
		</event>
		<event>
			<string key="concept:name" value="C"/>
			<string key="lifecycle:transition" value="complete"/>
			<date key="time:timestamp" value="2015-01-28T20:38:57.242+02:00"/>
		</event>
		<event>
			<string key="concept:name" value="B"/>
			<string key="lifecycle:transition" value="complete"/>
			<date key="time:timestamp" value="2015-01-29T15:40:06.173+02:00"/>
		</event>
		<event>
			<string key="concept:name" value="C"/>
			<string key="lifecycle:transition" value="complete"/>
			<date key="time:timestamp" value="2015-01-29T23:09:14.861+02:00"/>
		</event>
		<event>
			<string key="concept:name" value="B"/>
			<string key="lifecycle:transition" value="complete"/>
			<date key="time:timestamp" value="2015-01-30T06:42:45.688+02:00"/>
		</event>
		<event>
			<string key="concept:name" value="A"/>
			<string key="lifecycle:transition" value="complete"/>
			<date key="time:timestamp" value="2015-01-30T11:05:09.748+02:00"/>
		</event>
		<event>
			<string key="concept:name" value="C"/>
			<string key="lifecycle:transition" value="complete"/>
			<date key="time:timestamp" value="2015-01-31T02:10:15.827+02:00"/>
		</event>
	</trace>
	<trace>
		<string key="concept:name" value="Synthetic trace no. 17"/>
		<event>
			<string key="concept:name" value="A"/>
			<string key="lifecycle:transition" value="complete"/>
			<date key="time:timestamp" value="2015-01-31T07:54:03.838+02:00"/>
		</event>
		<event>
			<string key="concept:name" value="B"/>
			<string key="lifecycle:transition" value="complete"/>
			<date key="time:timestamp" value="2015-01-31T15:31:17.895+02:00"/>
		</event>
		<event>
			<string key="concept:name" value="C"/>
			<string key="lifecycle:transition" value="complete"/>
			<date key="time:timestamp" value="2015-02-01T08:22:08.539+02:00"/>
		</event>
		<event>
			<string key="concept:name" value="B"/>
			<string key="lifecycle:transition" value="complete"/>
			<date key="time:timestamp" value="2015-02-02T03:46:50.194+02:00"/>
		</event>
		<event>
			<string key="concept:name" value="C"/>
			<string key="lifecycle:transition" value="complete"/>
			<date key="time:timestamp" value="2015-02-02T12:32:22.151+02:00"/>
		</event>
		<event>
			<string key="concept:name" value="B"/>
			<string key="lifecycle:transition" value="complete"/>
			<date key="time:timestamp" value="2015-02-03T04:48:15.521+02:00"/>
		</event>
		<event>
			<string key="concept:name" value="C"/>
			<string key="lifecycle:transition" value="complete"/>
			<date key="time:timestamp" value="2015-02-03T07:40:12.944+02:00"/>
		</event>
		<event>
			<string key="concept:name" value="A"/>
			<string key="lifecycle:transition" value="complete"/>
			<date key="time:timestamp" value="2015-02-04T01:23:03.486+02:00"/>
		</event>
		<event>
			<string key="concept:name" value="A"/>
			<string key="lifecycle:transition" value="complete"/>
			<date key="time:timestamp" value="2015-02-04T05:26:38.868+02:00"/>
		</event>
		<event>
			<string key="concept:name" value="A"/>
			<string key="lifecycle:transition" value="complete"/>
			<date key="time:timestamp" value="2015-02-05T04:23:08.027+02:00"/>
		</event>
	</trace>
	<trace>
		<string key="concept:name" value="Synthetic trace no. 18"/>
		<event>
			<string key="concept:name" value="A"/>
			<string key="lifecycle:transition" value="complete"/>
			<date key="time:timestamp" value="2015-02-05T19:33:11.052+02:00"/>
		</event>
		<event>
			<string key="concept:name" value="C"/>
			<string key="lifecycle:transition" value="complete"/>
			<date key="time:timestamp" value="2015-02-06T10:18:40.952+02:00"/>
		</event>
		<event>
			<string key="concept:name" value="C"/>
			<string key="lifecycle:transition" value="complete"/>
			<date key="time:timestamp" value="2015-02-07T02:27:01.001+02:00"/>
		</event>
		<event>
			<string key="concept:name" value="A"/>
			<string key="lifecycle:transition" value="complete"/>
			<date key="time:timestamp" value="2015-02-07T04:48:24.540+02:00"/>
		</event>
		<event>
			<string key="concept:name" value="A"/>
			<string key="lifecycle:transition" value="complete"/>
			<date key="time:timestamp" value="2015-02-07T16:44:09.969+02:00"/>
		</event>
		<event>
			<string key="concept:name" value="C"/>
			<string key="lifecycle:transition" value="complete"/>
			<date key="time:timestamp" value="2015-02-08T03:44:13.388+02:00"/>
		</event>
		<event>
			<string key="concept:name" value="A"/>
			<string key="lifecycle:transition" value="complete"/>
			<date key="time:timestamp" value="2015-02-08T10:22:23.034+02:00"/>
		</event>
		<event>
			<string key="concept:name" value="B"/>
			<string key="lifecycle:transition" value="complete"/>
			<date key="time:timestamp" value="2015-02-08T21:44:23.392+02:00"/>
		</event>
		<event>
			<string key="concept:name" value="B"/>
			<string key="lifecycle:transition" value="complete"/>
			<date key="time:timestamp" value="2015-02-09T10:15:37.176+02:00"/>
		</event>
		<event>
			<string key="concept:name" value="A"/>
			<string key="lifecycle:transition" value="complete"/>
			<date key="time:timestamp" value="2015-02-09T19:00:10.230+02:00"/>
		</event>
	</trace>
	<trace>
		<string key="concept:name" value="Synthetic trace no. 19"/>
		<event>
			<string key="concept:name" value="C"/>
			<string key="lifecycle:transition" value="complete"/>
			<date key="time:timestamp" value="2015-02-10T12:05:20.386+02:00"/>
		</event>
		<event>
			<string key="concept:name" value="A"/>
			<string key="lifecycle:transition" value="complete"/>
			<date key="time:timestamp" value="2015-02-11T04:41:56.147+02:00"/>
		</event>
		<event>
			<string key="concept:name" value="A"/>
			<string key="lifecycle:transition" value="complete"/>
			<date key="time:timestamp" value="2015-02-12T03:02:28.366+02:00"/>
		</event>
		<event>
			<string key="concept:name" value="B"/>
			<string key="lifecycle:transition" value="complete"/>
			<date key="time:timestamp" value="2015-02-12T05:57:35.304+02:00"/>
		</event>
		<event>
			<string key="concept:name" value="B"/>
			<string key="lifecycle:transition" value="complete"/>
			<date key="time:timestamp" value="2015-02-12T18:27:20.476+02:00"/>
		</event>
		<event>
			<string key="concept:name" value="A"/>
			<string key="lifecycle:transition" value="complete"/>
			<date key="time:timestamp" value="2015-02-13T17:26:47.044+02:00"/>
		</event>
		<event>
			<string key="concept:name" value="C"/>
			<string key="lifecycle:transition" value="complete"/>
			<date key="time:timestamp" value="2015-02-14T05:17:54.321+02:00"/>
		</event>
		<event>
			<string key="concept:name" value="C"/>
			<string key="lifecycle:transition" value="complete"/>
			<date key="time:timestamp" value="2015-02-15T00:33:34.992+02:00"/>
		</event>
		<event>
			<string key="concept:name" value="C"/>
			<string key="lifecycle:transition" value="complete"/>
			<date key="time:timestamp" value="2015-02-15T19:57:42.835+02:00"/>
		</event>
		<event>
			<string key="concept:name" value="A"/>
			<string key="lifecycle:transition" value="complete"/>
			<date key="time:timestamp" value="2015-02-16T08:31:38.315+02:00"/>
		</event>
	</trace>
	<trace>
		<string key="concept:name" value="Synthetic trace no. 20"/>
		<event>
			<string key="concept:name" value="A"/>
			<string key="lifecycle:transition" value="complete"/>
			<date key="time:timestamp" value="2015-02-17T01:59:01.350+02:00"/>
		</event>
		<event>
			<string key="concept:name" value="A"/>
			<string key="lifecycle:transition" value="complete"/>
			<date key="time:timestamp" value="2015-02-17T08:24:17.871+02:00"/>
		</event>
		<event>
			<string key="concept:name" value="A"/>
			<string key="lifecycle:transition" value="complete"/>
			<date key="time:timestamp" value="2015-02-17T17:18:07.897+02:00"/>
		</event>
		<event>
			<string key="concept:name" value="A"/>
			<string key="lifecycle:transition" value="complete"/>
			<date key="time:timestamp" value="2015-02-18T12:29:21.679+02:00"/>
		</event>
		<event>
			<string key="concept:name" value="A"/>
			<string key="lifecycle:transition" value="complete"/>
			<date key="time:timestamp" value="2015-02-18T15:16:28.775+02:00"/>
		</event>
		<event>
			<string key="concept:name" value="C"/>
			<string key="lifecycle:transition" value="complete"/>
			<date key="time:timestamp" value="2015-02-18T19:07:04.568+02:00"/>
		</event>
		<event>
			<string key="concept:name" value="B"/>
			<string key="lifecycle:transition" value="complete"/>
			<date key="time:timestamp" value="2015-02-19T07:50:33.096+02:00"/>
		</event>
		<event>
			<string key="concept:name" value="A"/>
			<string key="lifecycle:transition" value="complete"/>
			<date key="time:timestamp" value="2015-02-19T15:20:51.453+02:00"/>
		</event>
		<event>
			<string key="concept:name" value="B"/>
			<string key="lifecycle:transition" value="complete"/>
			<date key="time:timestamp" value="2015-02-20T05:26:23.844+02:00"/>
		</event>
		<event>
			<string key="concept:name" value="C"/>
			<string key="lifecycle:transition" value="complete"/>
			<date key="time:timestamp" value="2015-02-20T19:23:16.550+02:00"/>
		</event>
	</trace>
	<trace>
		<string key="concept:name" value="Synthetic trace no. 21"/>
		<event>
			<string key="concept:name" value="A"/>
			<string key="lifecycle:transition" value="complete"/>
			<date key="time:timestamp" value="2015-02-21T00:39:28.246+02:00"/>
		</event>
		<event>
			<string key="concept:name" value="A"/>
			<string key="lifecycle:transition" value="complete"/>
			<date key="time:timestamp" value="2015-02-22T00:09:34.546+02:00"/>
		</event>
		<event>
			<string key="concept:name" value="C"/>
			<string key="lifecycle:transition" value="complete"/>
			<date key="time:timestamp" value="2015-02-22T15:45:45.754+02:00"/>
		</event>
		<event>
			<string key="concept:name" value="C"/>
			<string key="lifecycle:transition" value="complete"/>
			<date key="time:timestamp" value="2015-02-22T17:59:21.598+02:00"/>
		</event>
		<event>
			<string key="concept:name" value="B"/>
			<string key="lifecycle:transition" value="complete"/>
			<date key="time:timestamp" value="2015-02-23T15:32:52.700+02:00"/>
		</event>
		<event>
			<string key="concept:name" value="A"/>
			<string key="lifecycle:transition" value="complete"/>
			<date key="time:timestamp" value="2015-02-24T09:40:36.555+02:00"/>
		</event>
		<event>
			<string key="concept:name" value="B"/>
			<string key="lifecycle:transition" value="complete"/>
			<date key="time:timestamp" value="2015-02-24T09:48:29.473+02:00"/>
		</event>
		<event>
			<string key="concept:name" value="C"/>
			<string key="lifecycle:transition" value="complete"/>
			<date key="time:timestamp" value="2015-02-25T09:04:44.402+02:00"/>
		</event>
		<event>
			<string key="concept:name" value="A"/>
			<string key="lifecycle:transition" value="complete"/>
			<date key="time:timestamp" value="2015-02-26T02:11:57.980+02:00"/>
		</event>
		<event>
			<string key="concept:name" value="A"/>
			<string key="lifecycle:transition" value="complete"/>
			<date key="time:timestamp" value="2015-02-26T07:44:16.106+02:00"/>
		</event>
	</trace>
	<trace>
		<string key="concept:name" value="Synthetic trace no. 22"/>
		<event>
			<string key="concept:name" value="A"/>
			<string key="lifecycle:transition" value="complete"/>
			<date key="time:timestamp" value="2015-02-26T15:15:36.738+02:00"/>
		</event>
		<event>
			<string key="concept:name" value="B"/>
			<string key="lifecycle:transition" value="complete"/>
			<date key="time:timestamp" value="2015-02-26T19:10:54.848+02:00"/>
		</event>
		<event>
			<string key="concept:name" value="C"/>
			<string key="lifecycle:transition" value="complete"/>
			<date key="time:timestamp" value="2015-02-26T22:39:19.252+02:00"/>
		</event>
		<event>
			<string key="concept:name" value="C"/>
			<string key="lifecycle:transition" value="complete"/>
			<date key="time:timestamp" value="2015-02-27T21:52:49.571+02:00"/>
		</event>
		<event>
			<string key="concept:name" value="C"/>
			<string key="lifecycle:transition" value="complete"/>
			<date key="time:timestamp" value="2015-02-28T17:12:40.685+02:00"/>
		</event>
		<event>
			<string key="concept:name" value="B"/>
			<string key="lifecycle:transition" value="complete"/>
			<date key="time:timestamp" value="2015-03-01T14:28:17.353+02:00"/>
		</event>
		<event>
			<string key="concept:name" value="C"/>
			<string key="lifecycle:transition" value="complete"/>
			<date key="time:timestamp" value="2015-03-02T11:41:25.233+02:00"/>
		</event>
		<event>
			<string key="concept:name" value="C"/>
			<string key="lifecycle:transition" value="complete"/>
			<date key="time:timestamp" value="2015-03-02T13:08:45.101+02:00"/>
		</event>
		<event>
			<string key="concept:name" value="B"/>
			<string key="lifecycle:transition" value="complete"/>
			<date key="time:timestamp" value="2015-03-03T08:43:45.460+02:00"/>
		</event>
		<event>
			<string key="concept:name" value="B"/>
			<string key="lifecycle:transition" value="complete"/>
			<date key="time:timestamp" value="2015-03-03T13:37:43.509+02:00"/>
		</event>
	</trace>
	<trace>
		<string key="concept:name" value="Synthetic trace no. 23"/>
		<event>
			<string key="concept:name" value="B"/>
			<string key="lifecycle:transition" value="complete"/>
			<date key="time:timestamp" value="2015-03-03T18:09:49.917+02:00"/>
		</event>
		<event>
			<string key="concept:name" value="B"/>
			<string key="lifecycle:transition" value="complete"/>
			<date key="time:timestamp" value="2015-03-04T12:17:59.993+02:00"/>
		</event>
		<event>
			<string key="concept:name" value="A"/>
			<string key="lifecycle:transition" value="complete"/>
			<date key="time:timestamp" value="2015-03-04T15:17:20.262+02:00"/>
		</event>
		<event>
			<string key="concept:name" value="C"/>
			<string key="lifecycle:transition" value="complete"/>
			<date key="time:timestamp" value="2015-03-04T17:04:34.748+02:00"/>
		</event>
		<event>
			<string key="concept:name" value="C"/>
			<string key="lifecycle:transition" value="complete"/>
			<date key="time:timestamp" value="2015-03-05T05:31:51.384+02:00"/>
		</event>
		<event>
			<string key="concept:name" value="C"/>
			<string key="lifecycle:transition" value="complete"/>
			<date key="time:timestamp" value="2015-03-05T17:22:47.883+02:00"/>
		</event>
		<event>
			<string key="concept:name" value="A"/>
			<string key="lifecycle:transition" value="complete"/>
			<date key="time:timestamp" value="2015-03-06T05:51:51.907+02:00"/>
		</event>
		<event>
			<string key="concept:name" value="B"/>
			<string key="lifecycle:transition" value="complete"/>
			<date key="time:timestamp" value="2015-03-07T03:01:06.509+02:00"/>
		</event>
		<event>
			<string key="concept:name" value="A"/>
			<string key="lifecycle:transition" value="complete"/>
			<date key="time:timestamp" value="2015-03-07T03:44:26.643+02:00"/>
		</event>
		<event>
			<string key="concept:name" value="C"/>
			<string key="lifecycle:transition" value="complete"/>
			<date key="time:timestamp" value="2015-03-07T21:08:23.025+02:00"/>
		</event>
	</trace>
	<trace>
		<string key="concept:name" value="Synthetic trace no. 24"/>
		<event>
			<string key="concept:name" value="B"/>
			<string key="lifecycle:transition" value="complete"/>
			<date key="time:timestamp" value="2015-03-08T03:40:03.241+02:00"/>
		</event>
		<event>
			<string key="concept:name" value="A"/>
			<string key="lifecycle:transition" value="complete"/>
			<date key="time:timestamp" value="2015-03-09T03:30:37.998+02:00"/>
		</event>
		<event>
			<string key="concept:name" value="A"/>
			<string key="lifecycle:transition" value="complete"/>
			<date key="time:timestamp" value="2015-03-09T14:03:30.467+02:00"/>
		</event>
		<event>
			<string key="concept:name" value="C"/>
			<string key="lifecycle:transition" value="complete"/>
			<date key="time:timestamp" value="2015-03-09T17:34:45.597+02:00"/>
		</event>
		<event>
			<string key="concept:name" value="C"/>
			<string key="lifecycle:transition" value="complete"/>
			<date key="time:timestamp" value="2015-03-10T11:08:10.155+02:00"/>
		</event>
		<event>
			<string key="concept:name" value="A"/>
			<string key="lifecycle:transition" value="complete"/>
			<date key="time:timestamp" value="2015-03-11T01:13:26.177+02:00"/>
		</event>
		<event>
			<string key="concept:name" value="C"/>
			<string key="lifecycle:transition" value="complete"/>
			<date key="time:timestamp" value="2015-03-12T00:42:56.613+02:00"/>
		</event>
		<event>
			<string key="concept:name" value="B"/>
			<string key="lifecycle:transition" value="complete"/>
			<date key="time:timestamp" value="2015-03-12T04:05:57.375+02:00"/>
		</event>
		<event>
			<string key="concept:name" value="A"/>
			<string key="lifecycle:transition" value="complete"/>
			<date key="time:timestamp" value="2015-03-12T18:05:46.636+02:00"/>
		</event>
		<event>
			<string key="concept:name" value="A"/>
			<string key="lifecycle:transition" value="complete"/>
			<date key="time:timestamp" value="2015-03-13T05:45:03.074+02:00"/>
		</event>
	</trace>
	<trace>
		<string key="concept:name" value="Synthetic trace no. 25"/>
		<event>
			<string key="concept:name" value="B"/>
			<string key="lifecycle:transition" value="complete"/>
			<date key="time:timestamp" value="2015-03-14T02:56:36.610+02:00"/>
		</event>
		<event>
			<string key="concept:name" value="A"/>
			<string key="lifecycle:transition" value="complete"/>
			<date key="time:timestamp" value="2015-03-14T16:01:43.711+02:00"/>
		</event>
		<event>
			<string key="concept:name" value="B"/>
			<string key="lifecycle:transition" value="complete"/>
			<date key="time:timestamp" value="2015-03-15T12:57:39.940+02:00"/>
		</event>
		<event>
			<string key="concept:name" value="B"/>
			<string key="lifecycle:transition" value="complete"/>
			<date key="time:timestamp" value="2015-03-16T02:33:22.956+02:00"/>
		</event>
		<event>
			<string key="concept:name" value="C"/>
			<string key="lifecycle:transition" value="complete"/>
			<date key="time:timestamp" value="2015-03-16T08:26:38.844+02:00"/>
		</event>
		<event>
			<string key="concept:name" value="B"/>
			<string key="lifecycle:transition" value="complete"/>
			<date key="time:timestamp" value="2015-03-16T20:05:24.037+02:00"/>
		</event>
		<event>
			<string key="concept:name" value="C"/>
			<string key="lifecycle:transition" value="complete"/>
			<date key="time:timestamp" value="2015-03-17T13:14:30.627+02:00"/>
		</event>
		<event>
			<string key="concept:name" value="C"/>
			<string key="lifecycle:transition" value="complete"/>
			<date key="time:timestamp" value="2015-03-17T21:11:23.399+02:00"/>
		</event>
		<event>
			<string key="concept:name" value="C"/>
			<string key="lifecycle:transition" value="complete"/>
			<date key="time:timestamp" value="2015-03-18T07:36:26.660+02:00"/>
		</event>
		<event>
			<string key="concept:name" value="C"/>
			<string key="lifecycle:transition" value="complete"/>
			<date key="time:timestamp" value="2015-03-18T12:04:54.373+02:00"/>
		</event>
	</trace>
	<trace>
		<string key="concept:name" value="Synthetic trace no. 26"/>
		<event>
			<string key="concept:name" value="A"/>
			<string key="lifecycle:transition" value="complete"/>
			<date key="time:timestamp" value="2015-03-18T18:31:40.764+02:00"/>
		</event>
		<event>
			<string key="concept:name" value="B"/>
			<string key="lifecycle:transition" value="complete"/>
			<date key="time:timestamp" value="2015-03-19T03:59:57.141+02:00"/>
		</event>
		<event>
			<string key="concept:name" value="A"/>
			<string key="lifecycle:transition" value="complete"/>
			<date key="time:timestamp" value="2015-03-19T10:10:19.343+02:00"/>
		</event>
		<event>
			<string key="concept:name" value="C"/>
			<string key="lifecycle:transition" value="complete"/>
			<date key="time:timestamp" value="2015-03-19T22:27:25.002+02:00"/>
		</event>
		<event>
			<string key="concept:name" value="A"/>
			<string key="lifecycle:transition" value="complete"/>
			<date key="time:timestamp" value="2015-03-20T04:29:13.740+02:00"/>
		</event>
		<event>
			<string key="concept:name" value="C"/>
			<string key="lifecycle:transition" value="complete"/>
			<date key="time:timestamp" value="2015-03-20T04:50:02.592+02:00"/>
		</event>
		<event>
			<string key="concept:name" value="A"/>
			<string key="lifecycle:transition" value="complete"/>
			<date key="time:timestamp" value="2015-03-20T09:32:42.495+02:00"/>
		</event>
		<event>
			<string key="concept:name" value="C"/>
			<string key="lifecycle:transition" value="complete"/>
			<date key="time:timestamp" value="2015-03-21T03:49:52.068+02:00"/>
		</event>
		<event>
			<string key="concept:name" value="A"/>
			<string key="lifecycle:transition" value="complete"/>
			<date key="time:timestamp" value="2015-03-21T03:55:41.803+02:00"/>
		</event>
		<event>
			<string key="concept:name" value="C"/>
			<string key="lifecycle:transition" value="complete"/>
			<date key="time:timestamp" value="2015-03-22T02:38:42.537+02:00"/>
		</event>
	</trace>
	<trace>
		<string key="concept:name" value="Synthetic trace no. 27"/>
		<event>
			<string key="concept:name" value="A"/>
			<string key="lifecycle:transition" value="complete"/>
			<date key="time:timestamp" value="2015-03-22T16:13:13.463+02:00"/>
		</event>
		<event>
			<string key="concept:name" value="B"/>
			<string key="lifecycle:transition" value="complete"/>
			<date key="time:timestamp" value="2015-03-22T23:14:38.847+02:00"/>
		</event>
		<event>
			<string key="concept:name" value="B"/>
			<string key="lifecycle:transition" value="complete"/>
			<date key="time:timestamp" value="2015-03-23T22:48:58.686+02:00"/>
		</event>
		<event>
			<string key="concept:name" value="A"/>
			<string key="lifecycle:transition" value="complete"/>
			<date key="time:timestamp" value="2015-03-24T20:53:58.754+02:00"/>
		</event>
		<event>
			<string key="concept:name" value="C"/>
			<string key="lifecycle:transition" value="complete"/>
			<date key="time:timestamp" value="2015-03-25T17:15:32.740+02:00"/>
		</event>
		<event>
			<string key="concept:name" value="A"/>
			<string key="lifecycle:transition" value="complete"/>
			<date key="time:timestamp" value="2015-03-26T09:33:15.301+02:00"/>
		</event>
		<event>
			<string key="concept:name" value="A"/>
			<string key="lifecycle:transition" value="complete"/>
			<date key="time:timestamp" value="2015-03-27T08:09:20.443+02:00"/>
		</event>
		<event>
			<string key="concept:name" value="B"/>
			<string key="lifecycle:transition" value="complete"/>
			<date key="time:timestamp" value="2015-03-27T10:07:15.523+02:00"/>
		</event>
		<event>
			<string key="concept:name" value="A"/>
			<string key="lifecycle:transition" value="complete"/>
			<date key="time:timestamp" value="2015-03-28T05:51:23.917+02:00"/>
		</event>
		<event>
			<string key="concept:name" value="B"/>
			<string key="lifecycle:transition" value="complete"/>
			<date key="time:timestamp" value="2015-03-28T08:46:24.420+02:00"/>
		</event>
	</trace>
	<trace>
		<string key="concept:name" value="Synthetic trace no. 28"/>
		<event>
			<string key="concept:name" value="B"/>
			<string key="lifecycle:transition" value="complete"/>
			<date key="time:timestamp" value="2015-03-28T08:48:12.539+02:00"/>
		</event>
		<event>
			<string key="concept:name" value="B"/>
			<string key="lifecycle:transition" value="complete"/>
			<date key="time:timestamp" value="2015-03-28T15:25:28.239+02:00"/>
		</event>
		<event>
			<string key="concept:name" value="B"/>
			<string key="lifecycle:transition" value="complete"/>
			<date key="time:timestamp" value="2015-03-28T19:58:56.226+02:00"/>
		</event>
		<event>
			<string key="concept:name" value="B"/>
			<string key="lifecycle:transition" value="complete"/>
			<date key="time:timestamp" value="2015-03-29T20:27:57.900+03:00"/>
		</event>
		<event>
			<string key="concept:name" value="B"/>
			<string key="lifecycle:transition" value="complete"/>
			<date key="time:timestamp" value="2015-03-30T03:42:48.885+03:00"/>
		</event>
		<event>
			<string key="concept:name" value="A"/>
			<string key="lifecycle:transition" value="complete"/>
			<date key="time:timestamp" value="2015-03-30T17:36:05.032+03:00"/>
		</event>
		<event>
			<string key="concept:name" value="C"/>
			<string key="lifecycle:transition" value="complete"/>
			<date key="time:timestamp" value="2015-03-31T14:31:00.465+03:00"/>
		</event>
		<event>
			<string key="concept:name" value="B"/>
			<string key="lifecycle:transition" value="complete"/>
			<date key="time:timestamp" value="2015-03-31T16:40:36.142+03:00"/>
		</event>
		<event>
			<string key="concept:name" value="B"/>
			<string key="lifecycle:transition" value="complete"/>
			<date key="time:timestamp" value="2015-04-01T11:43:05.897+03:00"/>
		</event>
		<event>
			<string key="concept:name" value="C"/>
			<string key="lifecycle:transition" value="complete"/>
			<date key="time:timestamp" value="2015-04-02T05:46:10.815+03:00"/>
		</event>
	</trace>
	<trace>
		<string key="concept:name" value="Synthetic trace no. 29"/>
		<event>
			<string key="concept:name" value="C"/>
			<string key="lifecycle:transition" value="complete"/>
			<date key="time:timestamp" value="2015-04-03T04:06:40.921+03:00"/>
		</event>
		<event>
			<string key="concept:name" value="B"/>
			<string key="lifecycle:transition" value="complete"/>
			<date key="time:timestamp" value="2015-04-03T13:50:25.654+03:00"/>
		</event>
		<event>
			<string key="concept:name" value="C"/>
			<string key="lifecycle:transition" value="complete"/>
			<date key="time:timestamp" value="2015-04-04T10:00:52.402+03:00"/>
		</event>
		<event>
			<string key="concept:name" value="B"/>
			<string key="lifecycle:transition" value="complete"/>
			<date key="time:timestamp" value="2015-04-05T07:43:59.526+03:00"/>
		</event>
		<event>
			<string key="concept:name" value="B"/>
			<string key="lifecycle:transition" value="complete"/>
			<date key="time:timestamp" value="2015-04-05T23:11:53.295+03:00"/>
		</event>
		<event>
			<string key="concept:name" value="A"/>
			<string key="lifecycle:transition" value="complete"/>
			<date key="time:timestamp" value="2015-04-06T19:24:31.541+03:00"/>
		</event>
		<event>
			<string key="concept:name" value="C"/>
			<string key="lifecycle:transition" value="complete"/>
			<date key="time:timestamp" value="2015-04-07T11:19:44.531+03:00"/>
		</event>
		<event>
			<string key="concept:name" value="C"/>
			<string key="lifecycle:transition" value="complete"/>
			<date key="time:timestamp" value="2015-04-07T16:00:10.344+03:00"/>
		</event>
		<event>
			<string key="concept:name" value="B"/>
			<string key="lifecycle:transition" value="complete"/>
			<date key="time:timestamp" value="2015-04-08T08:09:09.909+03:00"/>
		</event>
		<event>
			<string key="concept:name" value="C"/>
			<string key="lifecycle:transition" value="complete"/>
			<date key="time:timestamp" value="2015-04-08T12:27:00.882+03:00"/>
		</event>
	</trace>
	<trace>
		<string key="concept:name" value="Synthetic trace no. 30"/>
		<event>
			<string key="concept:name" value="A"/>
			<string key="lifecycle:transition" value="complete"/>
			<date key="time:timestamp" value="2015-04-08T19:13:37.528+03:00"/>
		</event>
		<event>
			<string key="concept:name" value="A"/>
			<string key="lifecycle:transition" value="complete"/>
			<date key="time:timestamp" value="2015-04-09T02:38:48.869+03:00"/>
		</event>
		<event>
			<string key="concept:name" value="A"/>
			<string key="lifecycle:transition" value="complete"/>
			<date key="time:timestamp" value="2015-04-10T00:27:14.707+03:00"/>
		</event>
		<event>
			<string key="concept:name" value="C"/>
			<string key="lifecycle:transition" value="complete"/>
			<date key="time:timestamp" value="2015-04-10T04:02:29.974+03:00"/>
		</event>
		<event>
			<string key="concept:name" value="C"/>
			<string key="lifecycle:transition" value="complete"/>
			<date key="time:timestamp" value="2015-04-10T04:37:22.252+03:00"/>
		</event>
		<event>
			<string key="concept:name" value="B"/>
			<string key="lifecycle:transition" value="complete"/>
			<date key="time:timestamp" value="2015-04-11T01:43:04.439+03:00"/>
		</event>
		<event>
			<string key="concept:name" value="A"/>
			<string key="lifecycle:transition" value="complete"/>
			<date key="time:timestamp" value="2015-04-11T10:45:27.706+03:00"/>
		</event>
		<event>
			<string key="concept:name" value="B"/>
			<string key="lifecycle:transition" value="complete"/>
			<date key="time:timestamp" value="2015-04-11T23:04:48.085+03:00"/>
		</event>
		<event>
			<string key="concept:name" value="C"/>
			<string key="lifecycle:transition" value="complete"/>
			<date key="time:timestamp" value="2015-04-12T06:01:00.927+03:00"/>
		</event>
		<event>
			<string key="concept:name" value="A"/>
			<string key="lifecycle:transition" value="complete"/>
			<date key="time:timestamp" value="2015-04-13T04:52:47.083+03:00"/>
		</event>
	</trace>
	<trace>
		<string key="concept:name" value="Synthetic trace no. 31"/>
		<event>
			<string key="concept:name" value="B"/>
			<string key="lifecycle:transition" value="complete"/>
			<date key="time:timestamp" value="2015-04-13T19:41:24.971+03:00"/>
		</event>
		<event>
			<string key="concept:name" value="B"/>
			<string key="lifecycle:transition" value="complete"/>
			<date key="time:timestamp" value="2015-04-14T12:20:48.875+03:00"/>
		</event>
		<event>
			<string key="concept:name" value="A"/>
			<string key="lifecycle:transition" value="complete"/>
			<date key="time:timestamp" value="2015-04-15T04:38:11.261+03:00"/>
		</event>
		<event>
			<string key="concept:name" value="A"/>
			<string key="lifecycle:transition" value="complete"/>
			<date key="time:timestamp" value="2015-04-15T07:25:55.281+03:00"/>
		</event>
		<event>
			<string key="concept:name" value="C"/>
			<string key="lifecycle:transition" value="complete"/>
			<date key="time:timestamp" value="2015-04-16T05:02:22.639+03:00"/>
		</event>
		<event>
			<string key="concept:name" value="A"/>
			<string key="lifecycle:transition" value="complete"/>
			<date key="time:timestamp" value="2015-04-17T03:23:38.320+03:00"/>
		</event>
		<event>
			<string key="concept:name" value="B"/>
			<string key="lifecycle:transition" value="complete"/>
			<date key="time:timestamp" value="2015-04-17T16:54:36.074+03:00"/>
		</event>
		<event>
			<string key="concept:name" value="B"/>
			<string key="lifecycle:transition" value="complete"/>
			<date key="time:timestamp" value="2015-04-18T07:18:36.024+03:00"/>
		</event>
		<event>
			<string key="concept:name" value="A"/>
			<string key="lifecycle:transition" value="complete"/>
			<date key="time:timestamp" value="2015-04-18T17:32:55.458+03:00"/>
		</event>
		<event>
			<string key="concept:name" value="A"/>
			<string key="lifecycle:transition" value="complete"/>
			<date key="time:timestamp" value="2015-04-18T22:49:00.396+03:00"/>
		</event>
	</trace>
	<trace>
		<string key="concept:name" value="Synthetic trace no. 32"/>
		<event>
			<string key="concept:name" value="C"/>
			<string key="lifecycle:transition" value="complete"/>
			<date key="time:timestamp" value="2015-04-19T04:22:38.812+03:00"/>
		</event>
		<event>
			<string key="concept:name" value="B"/>
			<string key="lifecycle:transition" value="complete"/>
			<date key="time:timestamp" value="2015-04-19T14:01:37.821+03:00"/>
		</event>
		<event>
			<string key="concept:name" value="C"/>
			<string key="lifecycle:transition" value="complete"/>
			<date key="time:timestamp" value="2015-04-20T13:37:39.555+03:00"/>
		</event>
		<event>
			<string key="concept:name" value="B"/>
			<string key="lifecycle:transition" value="complete"/>
			<date key="time:timestamp" value="2015-04-21T00:53:46.606+03:00"/>
		</event>
		<event>
			<string key="concept:name" value="A"/>
			<string key="lifecycle:transition" value="complete"/>
			<date key="time:timestamp" value="2015-04-21T06:04:57.065+03:00"/>
		</event>
		<event>
			<string key="concept:name" value="B"/>
			<string key="lifecycle:transition" value="complete"/>
			<date key="time:timestamp" value="2015-04-21T16:08:00.415+03:00"/>
		</event>
		<event>
			<string key="concept:name" value="C"/>
			<string key="lifecycle:transition" value="complete"/>
			<date key="time:timestamp" value="2015-04-21T17:00:24.734+03:00"/>
		</event>
		<event>
			<string key="concept:name" value="C"/>
			<string key="lifecycle:transition" value="complete"/>
			<date key="time:timestamp" value="2015-04-22T14:28:05.462+03:00"/>
		</event>
		<event>
			<string key="concept:name" value="C"/>
			<string key="lifecycle:transition" value="complete"/>
			<date key="time:timestamp" value="2015-04-22T22:48:39.300+03:00"/>
		</event>
		<event>
			<string key="concept:name" value="C"/>
			<string key="lifecycle:transition" value="complete"/>
			<date key="time:timestamp" value="2015-04-23T22:28:54.250+03:00"/>
		</event>
	</trace>
	<trace>
		<string key="concept:name" value="Synthetic trace no. 33"/>
		<event>
			<string key="concept:name" value="A"/>
			<string key="lifecycle:transition" value="complete"/>
			<date key="time:timestamp" value="2015-04-24T07:17:00.351+03:00"/>
		</event>
		<event>
			<string key="concept:name" value="B"/>
			<string key="lifecycle:transition" value="complete"/>
			<date key="time:timestamp" value="2015-04-24T16:13:00.511+03:00"/>
		</event>
		<event>
			<string key="concept:name" value="A"/>
			<string key="lifecycle:transition" value="complete"/>
			<date key="time:timestamp" value="2015-04-25T06:50:23.072+03:00"/>
		</event>
		<event>
			<string key="concept:name" value="A"/>
			<string key="lifecycle:transition" value="complete"/>
			<date key="time:timestamp" value="2015-04-25T13:45:12.874+03:00"/>
		</event>
		<event>
			<string key="concept:name" value="B"/>
			<string key="lifecycle:transition" value="complete"/>
			<date key="time:timestamp" value="2015-04-26T10:18:56.054+03:00"/>
		</event>
		<event>
			<string key="concept:name" value="C"/>
			<string key="lifecycle:transition" value="complete"/>
			<date key="time:timestamp" value="2015-04-27T09:12:42.076+03:00"/>
		</event>
		<event>
			<string key="concept:name" value="B"/>
			<string key="lifecycle:transition" value="complete"/>
			<date key="time:timestamp" value="2015-04-27T09:53:47.240+03:00"/>
		</event>
		<event>
			<string key="concept:name" value="A"/>
			<string key="lifecycle:transition" value="complete"/>
			<date key="time:timestamp" value="2015-04-27T21:24:46.189+03:00"/>
		</event>
		<event>
			<string key="concept:name" value="B"/>
			<string key="lifecycle:transition" value="complete"/>
			<date key="time:timestamp" value="2015-04-28T18:49:40.617+03:00"/>
		</event>
		<event>
			<string key="concept:name" value="C"/>
			<string key="lifecycle:transition" value="complete"/>
			<date key="time:timestamp" value="2015-04-29T05:41:11.240+03:00"/>
		</event>
	</trace>
	<trace>
		<string key="concept:name" value="Synthetic trace no. 34"/>
		<event>
			<string key="concept:name" value="A"/>
			<string key="lifecycle:transition" value="complete"/>
			<date key="time:timestamp" value="2015-04-29T13:34:11.617+03:00"/>
		</event>
		<event>
			<string key="concept:name" value="A"/>
			<string key="lifecycle:transition" value="complete"/>
			<date key="time:timestamp" value="2015-04-29T20:16:47.812+03:00"/>
		</event>
		<event>
			<string key="concept:name" value="B"/>
			<string key="lifecycle:transition" value="complete"/>
			<date key="time:timestamp" value="2015-04-30T15:39:11.532+03:00"/>
		</event>
		<event>
			<string key="concept:name" value="A"/>
			<string key="lifecycle:transition" value="complete"/>
			<date key="time:timestamp" value="2015-05-01T12:59:02.922+03:00"/>
		</event>
		<event>
			<string key="concept:name" value="A"/>
			<string key="lifecycle:transition" value="complete"/>
			<date key="time:timestamp" value="2015-05-02T03:17:03.323+03:00"/>
		</event>
		<event>
			<string key="concept:name" value="A"/>
			<string key="lifecycle:transition" value="complete"/>
			<date key="time:timestamp" value="2015-05-02T14:03:07.139+03:00"/>
		</event>
		<event>
			<string key="concept:name" value="B"/>
			<string key="lifecycle:transition" value="complete"/>
			<date key="time:timestamp" value="2015-05-02T22:46:09.185+03:00"/>
		</event>
		<event>
			<string key="concept:name" value="A"/>
			<string key="lifecycle:transition" value="complete"/>
			<date key="time:timestamp" value="2015-05-03T01:25:52.853+03:00"/>
		</event>
		<event>
			<string key="concept:name" value="A"/>
			<string key="lifecycle:transition" value="complete"/>
			<date key="time:timestamp" value="2015-05-03T20:54:19.756+03:00"/>
		</event>
		<event>
			<string key="concept:name" value="A"/>
			<string key="lifecycle:transition" value="complete"/>
			<date key="time:timestamp" value="2015-05-04T04:57:18.029+03:00"/>
		</event>
	</trace>
	<trace>
		<string key="concept:name" value="Synthetic trace no. 35"/>
		<event>
			<string key="concept:name" value="B"/>
			<string key="lifecycle:transition" value="complete"/>
			<date key="time:timestamp" value="2015-05-04T06:46:02.212+03:00"/>
		</event>
		<event>
			<string key="concept:name" value="C"/>
			<string key="lifecycle:transition" value="complete"/>
			<date key="time:timestamp" value="2015-05-05T05:26:15.211+03:00"/>
		</event>
		<event>
			<string key="concept:name" value="A"/>
			<string key="lifecycle:transition" value="complete"/>
			<date key="time:timestamp" value="2015-05-06T04:07:50.882+03:00"/>
		</event>
		<event>
			<string key="concept:name" value="A"/>
			<string key="lifecycle:transition" value="complete"/>
			<date key="time:timestamp" value="2015-05-07T03:11:31.329+03:00"/>
		</event>
		<event>
			<string key="concept:name" value="C"/>
			<string key="lifecycle:transition" value="complete"/>
			<date key="time:timestamp" value="2015-05-07T09:22:12.849+03:00"/>
		</event>
		<event>
			<string key="concept:name" value="C"/>
			<string key="lifecycle:transition" value="complete"/>
			<date key="time:timestamp" value="2015-05-07T21:28:16.942+03:00"/>
		</event>
		<event>
			<string key="concept:name" value="A"/>
			<string key="lifecycle:transition" value="complete"/>
			<date key="time:timestamp" value="2015-05-08T14:38:39.450+03:00"/>
		</event>
		<event>
			<string key="concept:name" value="C"/>
			<string key="lifecycle:transition" value="complete"/>
			<date key="time:timestamp" value="2015-05-09T10:01:16.543+03:00"/>
		</event>
		<event>
			<string key="concept:name" value="C"/>
			<string key="lifecycle:transition" value="complete"/>
			<date key="time:timestamp" value="2015-05-09T19:31:37.300+03:00"/>
		</event>
		<event>
			<string key="concept:name" value="C"/>
			<string key="lifecycle:transition" value="complete"/>
			<date key="time:timestamp" value="2015-05-09T22:53:52.212+03:00"/>
		</event>
	</trace>
	<trace>
		<string key="concept:name" value="Synthetic trace no. 36"/>
		<event>
			<string key="concept:name" value="A"/>
			<string key="lifecycle:transition" value="complete"/>
			<date key="time:timestamp" value="2015-05-10T10:33:09.242+03:00"/>
		</event>
		<event>
			<string key="concept:name" value="A"/>
			<string key="lifecycle:transition" value="complete"/>
			<date key="time:timestamp" value="2015-05-10T20:13:02.311+03:00"/>
		</event>
		<event>
			<string key="concept:name" value="B"/>
			<string key="lifecycle:transition" value="complete"/>
			<date key="time:timestamp" value="2015-05-11T00:55:50.564+03:00"/>
		</event>
		<event>
			<string key="concept:name" value="C"/>
			<string key="lifecycle:transition" value="complete"/>
			<date key="time:timestamp" value="2015-05-11T20:10:03.134+03:00"/>
		</event>
		<event>
			<string key="concept:name" value="C"/>
			<string key="lifecycle:transition" value="complete"/>
			<date key="time:timestamp" value="2015-05-11T23:36:50.574+03:00"/>
		</event>
		<event>
			<string key="concept:name" value="B"/>
			<string key="lifecycle:transition" value="complete"/>
			<date key="time:timestamp" value="2015-05-12T14:42:22.022+03:00"/>
		</event>
		<event>
			<string key="concept:name" value="B"/>
			<string key="lifecycle:transition" value="complete"/>
			<date key="time:timestamp" value="2015-05-13T05:55:54.677+03:00"/>
		</event>
		<event>
			<string key="concept:name" value="A"/>
			<string key="lifecycle:transition" value="complete"/>
			<date key="time:timestamp" value="2015-05-14T00:42:07.318+03:00"/>
		</event>
		<event>
			<string key="concept:name" value="B"/>
			<string key="lifecycle:transition" value="complete"/>
			<date key="time:timestamp" value="2015-05-14T09:37:35.761+03:00"/>
		</event>
		<event>
			<string key="concept:name" value="A"/>
			<string key="lifecycle:transition" value="complete"/>
			<date key="time:timestamp" value="2015-05-15T05:29:14.533+03:00"/>
		</event>
	</trace>
	<trace>
		<string key="concept:name" value="Synthetic trace no. 37"/>
		<event>
			<string key="concept:name" value="A"/>
			<string key="lifecycle:transition" value="complete"/>
			<date key="time:timestamp" value="2015-05-15T17:48:10.326+03:00"/>
		</event>
		<event>
			<string key="concept:name" value="A"/>
			<string key="lifecycle:transition" value="complete"/>
			<date key="time:timestamp" value="2015-05-16T10:25:09.299+03:00"/>
		</event>
		<event>
			<string key="concept:name" value="B"/>
			<string key="lifecycle:transition" value="complete"/>
			<date key="time:timestamp" value="2015-05-17T02:49:47.578+03:00"/>
		</event>
		<event>
			<string key="concept:name" value="C"/>
			<string key="lifecycle:transition" value="complete"/>
			<date key="time:timestamp" value="2015-05-17T19:36:21.075+03:00"/>
		</event>
		<event>
			<string key="concept:name" value="B"/>
			<string key="lifecycle:transition" value="complete"/>
			<date key="time:timestamp" value="2015-05-18T17:41:45.769+03:00"/>
		</event>
		<event>
			<string key="concept:name" value="A"/>
			<string key="lifecycle:transition" value="complete"/>
			<date key="time:timestamp" value="2015-05-18T19:34:26.372+03:00"/>
		</event>
		<event>
			<string key="concept:name" value="B"/>
			<string key="lifecycle:transition" value="complete"/>
			<date key="time:timestamp" value="2015-05-19T14:00:47.059+03:00"/>
		</event>
		<event>
			<string key="concept:name" value="B"/>
			<string key="lifecycle:transition" value="complete"/>
			<date key="time:timestamp" value="2015-05-20T00:35:40.021+03:00"/>
		</event>
		<event>
			<string key="concept:name" value="B"/>
			<string key="lifecycle:transition" value="complete"/>
			<date key="time:timestamp" value="2015-05-20T18:06:36.724+03:00"/>
		</event>
		<event>
			<string key="concept:name" value="C"/>
			<string key="lifecycle:transition" value="complete"/>
			<date key="time:timestamp" value="2015-05-20T21:35:25.713+03:00"/>
		</event>
	</trace>
	<trace>
		<string key="concept:name" value="Synthetic trace no. 38"/>
		<event>
			<string key="concept:name" value="C"/>
			<string key="lifecycle:transition" value="complete"/>
			<date key="time:timestamp" value="2015-05-21T14:06:34.139+03:00"/>
		</event>
		<event>
			<string key="concept:name" value="B"/>
			<string key="lifecycle:transition" value="complete"/>
			<date key="time:timestamp" value="2015-05-22T00:39:26.060+03:00"/>
		</event>
		<event>
			<string key="concept:name" value="C"/>
			<string key="lifecycle:transition" value="complete"/>
			<date key="time:timestamp" value="2015-05-22T09:19:43.514+03:00"/>
		</event>
		<event>
			<string key="concept:name" value="C"/>
			<string key="lifecycle:transition" value="complete"/>
			<date key="time:timestamp" value="2015-05-22T09:44:37.038+03:00"/>
		</event>
		<event>
			<string key="concept:name" value="C"/>
			<string key="lifecycle:transition" value="complete"/>
			<date key="time:timestamp" value="2015-05-23T05:52:27.705+03:00"/>
		</event>
		<event>
			<string key="concept:name" value="A"/>
			<string key="lifecycle:transition" value="complete"/>
			<date key="time:timestamp" value="2015-05-23T10:24:12.384+03:00"/>
		</event>
		<event>
			<string key="concept:name" value="C"/>
			<string key="lifecycle:transition" value="complete"/>
			<date key="time:timestamp" value="2015-05-24T00:42:33.880+03:00"/>
		</event>
		<event>
			<string key="concept:name" value="C"/>
			<string key="lifecycle:transition" value="complete"/>
			<date key="time:timestamp" value="2015-05-24T16:21:05.352+03:00"/>
		</event>
		<event>
			<string key="concept:name" value="B"/>
			<string key="lifecycle:transition" value="complete"/>
			<date key="time:timestamp" value="2015-05-25T06:00:13.649+03:00"/>
		</event>
		<event>
			<string key="concept:name" value="B"/>
			<string key="lifecycle:transition" value="complete"/>
			<date key="time:timestamp" value="2015-05-25T18:16:02.530+03:00"/>
		</event>
	</trace>
	<trace>
		<string key="concept:name" value="Synthetic trace no. 39"/>
		<event>
			<string key="concept:name" value="A"/>
			<string key="lifecycle:transition" value="complete"/>
			<date key="time:timestamp" value="2015-05-26T14:14:49.248+03:00"/>
		</event>
		<event>
			<string key="concept:name" value="A"/>
			<string key="lifecycle:transition" value="complete"/>
			<date key="time:timestamp" value="2015-05-26T18:55:58.263+03:00"/>
		</event>
		<event>
			<string key="concept:name" value="A"/>
			<string key="lifecycle:transition" value="complete"/>
			<date key="time:timestamp" value="2015-05-27T10:44:38.747+03:00"/>
		</event>
		<event>
			<string key="concept:name" value="C"/>
			<string key="lifecycle:transition" value="complete"/>
			<date key="time:timestamp" value="2015-05-28T08:20:24.996+03:00"/>
		</event>
		<event>
			<string key="concept:name" value="B"/>
			<string key="lifecycle:transition" value="complete"/>
			<date key="time:timestamp" value="2015-05-28T17:50:23.379+03:00"/>
		</event>
		<event>
			<string key="concept:name" value="A"/>
			<string key="lifecycle:transition" value="complete"/>
			<date key="time:timestamp" value="2015-05-28T21:41:04.507+03:00"/>
		</event>
		<event>
			<string key="concept:name" value="C"/>
			<string key="lifecycle:transition" value="complete"/>
			<date key="time:timestamp" value="2015-05-29T18:16:02.153+03:00"/>
		</event>
		<event>
			<string key="concept:name" value="C"/>
			<string key="lifecycle:transition" value="complete"/>
			<date key="time:timestamp" value="2015-05-30T09:00:26.077+03:00"/>
		</event>
		<event>
			<string key="concept:name" value="A"/>
			<string key="lifecycle:transition" value="complete"/>
			<date key="time:timestamp" value="2015-05-30T20:12:17.416+03:00"/>
		</event>
		<event>
			<string key="concept:name" value="A"/>
			<string key="lifecycle:transition" value="complete"/>
			<date key="time:timestamp" value="2015-05-31T13:35:04.699+03:00"/>
		</event>
	</trace>
	<trace>
		<string key="concept:name" value="Synthetic trace no. 40"/>
		<event>
			<string key="concept:name" value="B"/>
			<string key="lifecycle:transition" value="complete"/>
			<date key="time:timestamp" value="2015-05-31T19:28:12.429+03:00"/>
		</event>
		<event>
			<string key="concept:name" value="A"/>
			<string key="lifecycle:transition" value="complete"/>
			<date key="time:timestamp" value="2015-06-01T16:19:33.560+03:00"/>
		</event>
		<event>
			<string key="concept:name" value="C"/>
			<string key="lifecycle:transition" value="complete"/>
			<date key="time:timestamp" value="2015-06-02T03:26:32.270+03:00"/>
		</event>
		<event>
			<string key="concept:name" value="C"/>
			<string key="lifecycle:transition" value="complete"/>
			<date key="time:timestamp" value="2015-06-03T02:00:43.712+03:00"/>
		</event>
		<event>
			<string key="concept:name" value="C"/>
			<string key="lifecycle:transition" value="complete"/>
			<date key="time:timestamp" value="2015-06-03T23:04:23.812+03:00"/>
		</event>
		<event>
			<string key="concept:name" value="A"/>
			<string key="lifecycle:transition" value="complete"/>
			<date key="time:timestamp" value="2015-06-04T17:50:34.176+03:00"/>
		</event>
		<event>
			<string key="concept:name" value="C"/>
			<string key="lifecycle:transition" value="complete"/>
			<date key="time:timestamp" value="2015-06-05T16:58:11.231+03:00"/>
		</event>
		<event>
			<string key="concept:name" value="A"/>
			<string key="lifecycle:transition" value="complete"/>
			<date key="time:timestamp" value="2015-06-06T03:03:34.726+03:00"/>
		</event>
		<event>
			<string key="concept:name" value="C"/>
			<string key="lifecycle:transition" value="complete"/>
			<date key="time:timestamp" value="2015-06-06T06:39:52.685+03:00"/>
		</event>
		<event>
			<string key="concept:name" value="B"/>
			<string key="lifecycle:transition" value="complete"/>
			<date key="time:timestamp" value="2015-06-06T16:38:15.702+03:00"/>
		</event>
	</trace>
	<trace>
		<string key="concept:name" value="Synthetic trace no. 41"/>
		<event>
			<string key="concept:name" value="C"/>
			<string key="lifecycle:transition" value="complete"/>
			<date key="time:timestamp" value="2015-06-07T00:05:50.254+03:00"/>
		</event>
		<event>
			<string key="concept:name" value="A"/>
			<string key="lifecycle:transition" value="complete"/>
			<date key="time:timestamp" value="2015-06-07T01:33:10.660+03:00"/>
		</event>
		<event>
			<string key="concept:name" value="C"/>
			<string key="lifecycle:transition" value="complete"/>
			<date key="time:timestamp" value="2015-06-07T11:30:58.322+03:00"/>
		</event>
		<event>
			<string key="concept:name" value="A"/>
			<string key="lifecycle:transition" value="complete"/>
			<date key="time:timestamp" value="2015-06-07T12:51:34.070+03:00"/>
		</event>
		<event>
			<string key="concept:name" value="C"/>
			<string key="lifecycle:transition" value="complete"/>
			<date key="time:timestamp" value="2015-06-08T04:06:59.535+03:00"/>
		</event>
		<event>
			<string key="concept:name" value="A"/>
			<string key="lifecycle:transition" value="complete"/>
			<date key="time:timestamp" value="2015-06-08T13:58:11.770+03:00"/>
		</event>
		<event>
			<string key="concept:name" value="B"/>
			<string key="lifecycle:transition" value="complete"/>
			<date key="time:timestamp" value="2015-06-08T18:52:44.709+03:00"/>
		</event>
		<event>
			<string key="concept:name" value="C"/>
			<string key="lifecycle:transition" value="complete"/>
			<date key="time:timestamp" value="2015-06-09T09:34:52.029+03:00"/>
		</event>
		<event>
			<string key="concept:name" value="A"/>
			<string key="lifecycle:transition" value="complete"/>
			<date key="time:timestamp" value="2015-06-10T02:56:48.370+03:00"/>
		</event>
		<event>
			<string key="concept:name" value="A"/>
			<string key="lifecycle:transition" value="complete"/>
			<date key="time:timestamp" value="2015-06-10T09:13:01.116+03:00"/>
		</event>
	</trace>
	<trace>
		<string key="concept:name" value="Synthetic trace no. 42"/>
		<event>
			<string key="concept:name" value="A"/>
			<string key="lifecycle:transition" value="complete"/>
			<date key="time:timestamp" value="2015-06-11T06:26:09.031+03:00"/>
		</event>
		<event>
			<string key="concept:name" value="B"/>
			<string key="lifecycle:transition" value="complete"/>
			<date key="time:timestamp" value="2015-06-11T10:30:58.136+03:00"/>
		</event>
		<event>
			<string key="concept:name" value="B"/>
			<string key="lifecycle:transition" value="complete"/>
			<date key="time:timestamp" value="2015-06-12T06:39:11.044+03:00"/>
		</event>
		<event>
			<string key="concept:name" value="C"/>
			<string key="lifecycle:transition" value="complete"/>
			<date key="time:timestamp" value="2015-06-12T06:59:32.794+03:00"/>
		</event>
		<event>
			<string key="concept:name" value="B"/>
			<string key="lifecycle:transition" value="complete"/>
			<date key="time:timestamp" value="2015-06-12T14:28:50.920+03:00"/>
		</event>
		<event>
			<string key="concept:name" value="A"/>
			<string key="lifecycle:transition" value="complete"/>
			<date key="time:timestamp" value="2015-06-12T20:13:45.923+03:00"/>
		</event>
		<event>
			<string key="concept:name" value="C"/>
			<string key="lifecycle:transition" value="complete"/>
			<date key="time:timestamp" value="2015-06-12T23:59:05.390+03:00"/>
		</event>
		<event>
			<string key="concept:name" value="A"/>
			<string key="lifecycle:transition" value="complete"/>
			<date key="time:timestamp" value="2015-06-13T15:59:34.464+03:00"/>
		</event>
		<event>
			<string key="concept:name" value="C"/>
			<string key="lifecycle:transition" value="complete"/>
			<date key="time:timestamp" value="2015-06-13T21:56:10.966+03:00"/>
		</event>
		<event>
			<string key="concept:name" value="A"/>
			<string key="lifecycle:transition" value="complete"/>
			<date key="time:timestamp" value="2015-06-14T12:13:17.669+03:00"/>
		</event>
	</trace>
	<trace>
		<string key="concept:name" value="Synthetic trace no. 43"/>
		<event>
			<string key="concept:name" value="A"/>
			<string key="lifecycle:transition" value="complete"/>
			<date key="time:timestamp" value="2015-06-15T07:31:15.040+03:00"/>
		</event>
		<event>
			<string key="concept:name" value="A"/>
			<string key="lifecycle:transition" value="complete"/>
			<date key="time:timestamp" value="2015-06-15T23:56:04.369+03:00"/>
		</event>
		<event>
			<string key="concept:name" value="A"/>
			<string key="lifecycle:transition" value="complete"/>
			<date key="time:timestamp" value="2015-06-16T15:20:12.245+03:00"/>
		</event>
		<event>
			<string key="concept:name" value="B"/>
			<string key="lifecycle:transition" value="complete"/>
			<date key="time:timestamp" value="2015-06-16T18:52:24.410+03:00"/>
		</event>
		<event>
			<string key="concept:name" value="C"/>
			<string key="lifecycle:transition" value="complete"/>
			<date key="time:timestamp" value="2015-06-17T16:06:44.204+03:00"/>
		</event>
		<event>
			<string key="concept:name" value="A"/>
			<string key="lifecycle:transition" value="complete"/>
			<date key="time:timestamp" value="2015-06-17T23:18:39.900+03:00"/>
		</event>
		<event>
			<string key="concept:name" value="A"/>
			<string key="lifecycle:transition" value="complete"/>
			<date key="time:timestamp" value="2015-06-18T19:34:59.885+03:00"/>
		</event>
		<event>
			<string key="concept:name" value="C"/>
			<string key="lifecycle:transition" value="complete"/>
			<date key="time:timestamp" value="2015-06-19T02:05:17.038+03:00"/>
		</event>
		<event>
			<string key="concept:name" value="A"/>
			<string key="lifecycle:transition" value="complete"/>
			<date key="time:timestamp" value="2015-06-19T09:31:19.832+03:00"/>
		</event>
		<event>
			<string key="concept:name" value="A"/>
			<string key="lifecycle:transition" value="complete"/>
			<date key="time:timestamp" value="2015-06-19T22:47:38.611+03:00"/>
		</event>
	</trace>
	<trace>
		<string key="concept:name" value="Synthetic trace no. 44"/>
		<event>
			<string key="concept:name" value="A"/>
			<string key="lifecycle:transition" value="complete"/>
			<date key="time:timestamp" value="2015-06-20T22:13:50.171+03:00"/>
		</event>
		<event>
			<string key="concept:name" value="C"/>
			<string key="lifecycle:transition" value="complete"/>
			<date key="time:timestamp" value="2015-06-21T08:56:21.171+03:00"/>
		</event>
		<event>
			<string key="concept:name" value="B"/>
			<string key="lifecycle:transition" value="complete"/>
			<date key="time:timestamp" value="2015-06-21T16:06:35.961+03:00"/>
		</event>
		<event>
			<string key="concept:name" value="A"/>
			<string key="lifecycle:transition" value="complete"/>
			<date key="time:timestamp" value="2015-06-21T22:12:21.760+03:00"/>
		</event>
		<event>
			<string key="concept:name" value="A"/>
			<string key="lifecycle:transition" value="complete"/>
			<date key="time:timestamp" value="2015-06-21T22:14:44.798+03:00"/>
		</event>
		<event>
			<string key="concept:name" value="C"/>
			<string key="lifecycle:transition" value="complete"/>
			<date key="time:timestamp" value="2015-06-22T15:51:24.328+03:00"/>
		</event>
		<event>
			<string key="concept:name" value="B"/>
			<string key="lifecycle:transition" value="complete"/>
			<date key="time:timestamp" value="2015-06-22T22:24:09.780+03:00"/>
		</event>
		<event>
			<string key="concept:name" value="C"/>
			<string key="lifecycle:transition" value="complete"/>
			<date key="time:timestamp" value="2015-06-23T02:26:03.711+03:00"/>
		</event>
		<event>
			<string key="concept:name" value="A"/>
			<string key="lifecycle:transition" value="complete"/>
			<date key="time:timestamp" value="2015-06-23T17:25:08.864+03:00"/>
		</event>
		<event>
			<string key="concept:name" value="B"/>
			<string key="lifecycle:transition" value="complete"/>
			<date key="time:timestamp" value="2015-06-24T00:11:28.380+03:00"/>
		</event>
	</trace>
	<trace>
		<string key="concept:name" value="Synthetic trace no. 45"/>
		<event>
			<string key="concept:name" value="C"/>
			<string key="lifecycle:transition" value="complete"/>
			<date key="time:timestamp" value="2015-06-24T15:08:34.424+03:00"/>
		</event>
		<event>
			<string key="concept:name" value="C"/>
			<string key="lifecycle:transition" value="complete"/>
			<date key="time:timestamp" value="2015-06-25T00:06:18.093+03:00"/>
		</event>
		<event>
			<string key="concept:name" value="A"/>
			<string key="lifecycle:transition" value="complete"/>
			<date key="time:timestamp" value="2015-06-25T17:47:04.276+03:00"/>
		</event>
		<event>
			<string key="concept:name" value="A"/>
			<string key="lifecycle:transition" value="complete"/>
			<date key="time:timestamp" value="2015-06-26T00:21:53.620+03:00"/>
		</event>
		<event>
			<string key="concept:name" value="A"/>
			<string key="lifecycle:transition" value="complete"/>
			<date key="time:timestamp" value="2015-06-26T11:49:44.969+03:00"/>
		</event>
		<event>
			<string key="concept:name" value="A"/>
			<string key="lifecycle:transition" value="complete"/>
			<date key="time:timestamp" value="2015-06-26T22:59:54.619+03:00"/>
		</event>
		<event>
			<string key="concept:name" value="A"/>
			<string key="lifecycle:transition" value="complete"/>
			<date key="time:timestamp" value="2015-06-27T11:28:40.987+03:00"/>
		</event>
		<event>
			<string key="concept:name" value="C"/>
			<string key="lifecycle:transition" value="complete"/>
			<date key="time:timestamp" value="2015-06-28T01:15:37.408+03:00"/>
		</event>
		<event>
			<string key="concept:name" value="A"/>
			<string key="lifecycle:transition" value="complete"/>
			<date key="time:timestamp" value="2015-06-28T13:13:33.142+03:00"/>
		</event>
		<event>
			<string key="concept:name" value="B"/>
			<string key="lifecycle:transition" value="complete"/>
			<date key="time:timestamp" value="2015-06-29T00:33:43.391+03:00"/>
		</event>
	</trace>
	<trace>
		<string key="concept:name" value="Synthetic trace no. 46"/>
		<event>
			<string key="concept:name" value="C"/>
			<string key="lifecycle:transition" value="complete"/>
			<date key="time:timestamp" value="2015-06-29T04:59:00.718+03:00"/>
		</event>
		<event>
			<string key="concept:name" value="C"/>
			<string key="lifecycle:transition" value="complete"/>
			<date key="time:timestamp" value="2015-06-29T15:12:58.637+03:00"/>
		</event>
		<event>
			<string key="concept:name" value="B"/>
			<string key="lifecycle:transition" value="complete"/>
			<date key="time:timestamp" value="2015-06-29T18:58:38.573+03:00"/>
		</event>
		<event>
			<string key="concept:name" value="B"/>
			<string key="lifecycle:transition" value="complete"/>
			<date key="time:timestamp" value="2015-06-30T05:04:18.300+03:00"/>
		</event>
		<event>
			<string key="concept:name" value="C"/>
			<string key="lifecycle:transition" value="complete"/>
			<date key="time:timestamp" value="2015-06-30T22:00:10.791+03:00"/>
		</event>
		<event>
			<string key="concept:name" value="A"/>
			<string key="lifecycle:transition" value="complete"/>
			<date key="time:timestamp" value="2015-07-01T09:22:33.559+03:00"/>
		</event>
		<event>
			<string key="concept:name" value="B"/>
			<string key="lifecycle:transition" value="complete"/>
			<date key="time:timestamp" value="2015-07-02T08:47:41.772+03:00"/>
		</event>
		<event>
			<string key="concept:name" value="C"/>
			<string key="lifecycle:transition" value="complete"/>
			<date key="time:timestamp" value="2015-07-02T15:00:57.593+03:00"/>
		</event>
		<event>
			<string key="concept:name" value="A"/>
			<string key="lifecycle:transition" value="complete"/>
			<date key="time:timestamp" value="2015-07-02T22:43:19.638+03:00"/>
		</event>
		<event>
			<string key="concept:name" value="C"/>
			<string key="lifecycle:transition" value="complete"/>
			<date key="time:timestamp" value="2015-07-03T11:52:31.401+03:00"/>
		</event>
	</trace>
	<trace>
		<string key="concept:name" value="Synthetic trace no. 47"/>
		<event>
			<string key="concept:name" value="A"/>
			<string key="lifecycle:transition" value="complete"/>
			<date key="time:timestamp" value="2015-07-03T22:46:51.036+03:00"/>
		</event>
		<event>
			<string key="concept:name" value="C"/>
			<string key="lifecycle:transition" value="complete"/>
			<date key="time:timestamp" value="2015-07-04T16:32:17.396+03:00"/>
		</event>
		<event>
			<string key="concept:name" value="A"/>
			<string key="lifecycle:transition" value="complete"/>
			<date key="time:timestamp" value="2015-07-05T12:55:52.735+03:00"/>
		</event>
		<event>
			<string key="concept:name" value="C"/>
			<string key="lifecycle:transition" value="complete"/>
			<date key="time:timestamp" value="2015-07-05T13:46:46.688+03:00"/>
		</event>
		<event>
			<string key="concept:name" value="A"/>
			<string key="lifecycle:transition" value="complete"/>
			<date key="time:timestamp" value="2015-07-06T06:44:30.061+03:00"/>
		</event>
		<event>
			<string key="concept:name" value="A"/>
			<string key="lifecycle:transition" value="complete"/>
			<date key="time:timestamp" value="2015-07-06T17:12:18.033+03:00"/>
		</event>
		<event>
			<string key="concept:name" value="B"/>
			<string key="lifecycle:transition" value="complete"/>
			<date key="time:timestamp" value="2015-07-06T22:33:07.952+03:00"/>
		</event>
		<event>
			<string key="concept:name" value="C"/>
			<string key="lifecycle:transition" value="complete"/>
			<date key="time:timestamp" value="2015-07-07T16:38:47.609+03:00"/>
		</event>
		<event>
			<string key="concept:name" value="C"/>
			<string key="lifecycle:transition" value="complete"/>
			<date key="time:timestamp" value="2015-07-08T05:40:20.061+03:00"/>
		</event>
		<event>
			<string key="concept:name" value="C"/>
			<string key="lifecycle:transition" value="complete"/>
			<date key="time:timestamp" value="2015-07-08T07:26:50.208+03:00"/>
		</event>
	</trace>
	<trace>
		<string key="concept:name" value="Synthetic trace no. 48"/>
		<event>
			<string key="concept:name" value="B"/>
			<string key="lifecycle:transition" value="complete"/>
			<date key="time:timestamp" value="2015-07-08T07:30:53.679+03:00"/>
		</event>
		<event>
			<string key="concept:name" value="A"/>
			<string key="lifecycle:transition" value="complete"/>
			<date key="time:timestamp" value="2015-07-08T10:05:10.447+03:00"/>
		</event>
		<event>
			<string key="concept:name" value="C"/>
			<string key="lifecycle:transition" value="complete"/>
			<date key="time:timestamp" value="2015-07-09T09:49:30.446+03:00"/>
		</event>
		<event>
			<string key="concept:name" value="A"/>
			<string key="lifecycle:transition" value="complete"/>
			<date key="time:timestamp" value="2015-07-09T10:19:34.885+03:00"/>
		</event>
		<event>
			<string key="concept:name" value="B"/>
			<string key="lifecycle:transition" value="complete"/>
			<date key="time:timestamp" value="2015-07-09T12:51:34.398+03:00"/>
		</event>
		<event>
			<string key="concept:name" value="A"/>
			<string key="lifecycle:transition" value="complete"/>
			<date key="time:timestamp" value="2015-07-09T19:57:26.956+03:00"/>
		</event>
		<event>
			<string key="concept:name" value="B"/>
			<string key="lifecycle:transition" value="complete"/>
			<date key="time:timestamp" value="2015-07-10T12:07:47.804+03:00"/>
		</event>
		<event>
			<string key="concept:name" value="A"/>
			<string key="lifecycle:transition" value="complete"/>
			<date key="time:timestamp" value="2015-07-11T04:19:57.844+03:00"/>
		</event>
		<event>
			<string key="concept:name" value="A"/>
			<string key="lifecycle:transition" value="complete"/>
			<date key="time:timestamp" value="2015-07-11T09:38:19.265+03:00"/>
		</event>
		<event>
			<string key="concept:name" value="C"/>
			<string key="lifecycle:transition" value="complete"/>
			<date key="time:timestamp" value="2015-07-12T03:32:33.346+03:00"/>
		</event>
	</trace>
	<trace>
		<string key="concept:name" value="Synthetic trace no. 49"/>
		<event>
			<string key="concept:name" value="C"/>
			<string key="lifecycle:transition" value="complete"/>
			<date key="time:timestamp" value="2015-07-12T11:14:55.955+03:00"/>
		</event>
		<event>
			<string key="concept:name" value="B"/>
			<string key="lifecycle:transition" value="complete"/>
			<date key="time:timestamp" value="2015-07-13T01:19:09.795+03:00"/>
		</event>
		<event>
			<string key="concept:name" value="B"/>
			<string key="lifecycle:transition" value="complete"/>
			<date key="time:timestamp" value="2015-07-13T13:47:23.475+03:00"/>
		</event>
		<event>
			<string key="concept:name" value="B"/>
			<string key="lifecycle:transition" value="complete"/>
			<date key="time:timestamp" value="2015-07-14T11:09:08.311+03:00"/>
		</event>
		<event>
			<string key="concept:name" value="B"/>
			<string key="lifecycle:transition" value="complete"/>
			<date key="time:timestamp" value="2015-07-14T23:00:41.251+03:00"/>
		</event>
		<event>
			<string key="concept:name" value="B"/>
			<string key="lifecycle:transition" value="complete"/>
			<date key="time:timestamp" value="2015-07-15T04:00:03.769+03:00"/>
		</event>
		<event>
			<string key="concept:name" value="B"/>
			<string key="lifecycle:transition" value="complete"/>
			<date key="time:timestamp" value="2015-07-15T22:59:50.100+03:00"/>
		</event>
		<event>
			<string key="concept:name" value="B"/>
			<string key="lifecycle:transition" value="complete"/>
			<date key="time:timestamp" value="2015-07-16T12:01:14.709+03:00"/>
		</event>
		<event>
			<string key="concept:name" value="B"/>
			<string key="lifecycle:transition" value="complete"/>
			<date key="time:timestamp" value="2015-07-17T09:10:37.910+03:00"/>
		</event>
		<event>
			<string key="concept:name" value="A"/>
			<string key="lifecycle:transition" value="complete"/>
			<date key="time:timestamp" value="2015-07-18T05:57:39.014+03:00"/>
		</event>
	</trace>
</log>
