<?xml version="1.0" encoding="UTF-8" ?>
<!-- This file has been generated with the OpenXES library. It conforms -->
<!-- to the XML serialization of the XES standard for log storage and -->
<!-- management. -->
<!-- XES standard version: 1.0 -->
<!-- OpenXES library version: 1.0RC7 -->
<!-- OpenXES is available from http://www.openxes.org/ -->
<log xes.version="1.0" xes.features="nested-attributes" openxes.version="1.0RC7" xmlns="http://www.xes-standard.org/">
	<extension name="Time" prefix="time" uri="http://www.xes-standard.org/time.xesext"/>
	<extension name="Lifecycle" prefix="lifecycle" uri="http://www.xes-standard.org/lifecycle.xesext"/>
	<extension name="Concept" prefix="concept" uri="http://www.xes-standard.org/concept.xesext"/>
	<classifier name="Event Name" keys="concept:name"/>
	<string key="concept:name" value="Synthetic log for process: new model"/>
	<string key="lifecycle:model" value="standard"/>
	<trace>
		<string key="concept:name" value="Synthetic trace no. 0"/>
		<event>
			<string key="concept:name" value="A"/>
			<string key="lifecycle:transition" value="complete"/>
			<date key="time:timestamp" value="2014-11-02T12:47:47.882+02:00"/>
		</event>
		<event>
			<string key="concept:name" value="A"/>
			<string key="lifecycle:transition" value="complete"/>
			<date key="time:timestamp" value="2014-11-02T13:42:22.871+02:00"/>
		</event>
		<event>
			<string key="concept:name" value="C"/>
			<string key="lifecycle:transition" value="complete"/>
			<date key="time:timestamp" value="2014-11-02T17:47:41.128+02:00"/>
		</event>
		<event>
			<string key="concept:name" value="B"/>
			<string key="lifecycle:transition" value="complete"/>
			<date key="time:timestamp" value="2014-11-02T21:41:23.888+02:00"/>
		</event>
		<event>
			<string key="concept:name" value="A"/>
			<string key="lifecycle:transition" value="complete"/>
			<date key="time:timestamp" value="2014-11-03T15:51:41.391+02:00"/>
		</event>
		<event>
			<string key="concept:name" value="C"/>
			<string key="lifecycle:transition" value="complete"/>
			<date key="time:timestamp" value="2014-11-04T00:42:38.884+02:00"/>
		</event>
		<event>
			<string key="concept:name" value="B"/>
			<string key="lifecycle:transition" value="complete"/>
			<date key="time:timestamp" value="2014-11-04T03:17:29.900+02:00"/>
		</event>
		<event>
			<string key="concept:name" value="B"/>
			<string key="lifecycle:transition" value="complete"/>
			<date key="time:timestamp" value="2014-11-04T22:28:09.913+02:00"/>
		</event>
		<event>
			<string key="concept:name" value="B"/>
			<string key="lifecycle:transition" value="complete"/>
			<date key="time:timestamp" value="2014-11-05T01:02:27.667+02:00"/>
		</event>
		<event>
			<string key="concept:name" value="C"/>
			<string key="lifecycle:transition" value="complete"/>
			<date key="time:timestamp" value="2014-11-05T14:33:18.427+02:00"/>
		</event>
	</trace>
	<trace>
		<string key="concept:name" value="Synthetic trace no. 1"/>
		<event>
			<string key="concept:name" value="A"/>
			<string key="lifecycle:transition" value="complete"/>
			<date key="time:timestamp" value="2014-11-05T22:28:31.005+02:00"/>
		</event>
		<event>
			<string key="concept:name" value="C"/>
			<string key="lifecycle:transition" value="complete"/>
			<date key="time:timestamp" value="2014-11-06T14:12:42.272+02:00"/>
		</event>
		<event>
			<string key="concept:name" value="A"/>
			<string key="lifecycle:transition" value="complete"/>
			<date key="time:timestamp" value="2014-11-06T21:03:05.370+02:00"/>
		</event>
		<event>
			<string key="concept:name" value="A"/>
			<string key="lifecycle:transition" value="complete"/>
			<date key="time:timestamp" value="2014-11-07T00:28:43.125+02:00"/>
		</event>
		<event>
			<string key="concept:name" value="C"/>
			<string key="lifecycle:transition" value="complete"/>
			<date key="time:timestamp" value="2014-11-07T12:42:25.046+02:00"/>
		</event>
		<event>
			<string key="concept:name" value="A"/>
			<string key="lifecycle:transition" value="complete"/>
			<date key="time:timestamp" value="2014-11-07T23:42:33.664+02:00"/>
		</event>
		<event>
			<string key="concept:name" value="A"/>
			<string key="lifecycle:transition" value="complete"/>
			<date key="time:timestamp" value="2014-11-08T08:34:55.467+02:00"/>
		</event>
		<event>
			<string key="concept:name" value="B"/>
			<string key="lifecycle:transition" value="complete"/>
			<date key="time:timestamp" value="2014-11-08T13:15:17.994+02:00"/>
		</event>
		<event>
			<string key="concept:name" value="C"/>
			<string key="lifecycle:transition" value="complete"/>
			<date key="time:timestamp" value="2014-11-09T00:48:37.643+02:00"/>
		</event>
		<event>
			<string key="concept:name" value="A"/>
			<string key="lifecycle:transition" value="complete"/>
			<date key="time:timestamp" value="2014-11-09T11:48:03.556+02:00"/>
		</event>
	</trace>
	<trace>
		<string key="concept:name" value="Synthetic trace no. 2"/>
		<event>
			<string key="concept:name" value="A"/>
			<string key="lifecycle:transition" value="complete"/>
			<date key="time:timestamp" value="2014-11-09T17:37:30.380+02:00"/>
		</event>
		<event>
			<string key="concept:name" value="A"/>
			<string key="lifecycle:transition" value="complete"/>
			<date key="time:timestamp" value="2014-11-10T03:02:56.498+02:00"/>
		</event>
		<event>
			<string key="concept:name" value="C"/>
			<string key="lifecycle:transition" value="complete"/>
			<date key="time:timestamp" value="2014-11-10T05:46:31.642+02:00"/>
		</event>
		<event>
			<string key="concept:name" value="A"/>
			<string key="lifecycle:transition" value="complete"/>
			<date key="time:timestamp" value="2014-11-10T11:48:24.383+02:00"/>
		</event>
		<event>
			<string key="concept:name" value="A"/>
			<string key="lifecycle:transition" value="complete"/>
			<date key="time:timestamp" value="2014-11-11T05:20:58.427+02:00"/>
		</event>
		<event>
			<string key="concept:name" value="A"/>
			<string key="lifecycle:transition" value="complete"/>
			<date key="time:timestamp" value="2014-11-11T12:37:24.276+02:00"/>
		</event>
		<event>
			<string key="concept:name" value="A"/>
			<string key="lifecycle:transition" value="complete"/>
			<date key="time:timestamp" value="2014-11-12T00:58:59.780+02:00"/>
		</event>
		<event>
			<string key="concept:name" value="B"/>
			<string key="lifecycle:transition" value="complete"/>
			<date key="time:timestamp" value="2014-11-12T08:00:38.173+02:00"/>
		</event>
		<event>
			<string key="concept:name" value="B"/>
			<string key="lifecycle:transition" value="complete"/>
			<date key="time:timestamp" value="2014-11-12T13:55:26.061+02:00"/>
		</event>
		<event>
			<string key="concept:name" value="B"/>
			<string key="lifecycle:transition" value="complete"/>
			<date key="time:timestamp" value="2014-11-13T02:07:56.059+02:00"/>
		</event>
	</trace>
	<trace>
		<string key="concept:name" value="Synthetic trace no. 3"/>
		<event>
			<string key="concept:name" value="C"/>
			<string key="lifecycle:transition" value="complete"/>
			<date key="time:timestamp" value="2014-11-13T03:55:05.453+02:00"/>
		</event>
		<event>
			<string key="concept:name" value="A"/>
			<string key="lifecycle:transition" value="complete"/>
			<date key="time:timestamp" value="2014-11-13T19:47:12.356+02:00"/>
		</event>
		<event>
			<string key="concept:name" value="C"/>
			<string key="lifecycle:transition" value="complete"/>
			<date key="time:timestamp" value="2014-11-14T12:20:01.693+02:00"/>
		</event>
		<event>
			<string key="concept:name" value="C"/>
			<string key="lifecycle:transition" value="complete"/>
			<date key="time:timestamp" value="2014-11-15T12:16:33.495+02:00"/>
		</event>
		<event>
			<string key="concept:name" value="B"/>
			<string key="lifecycle:transition" value="complete"/>
			<date key="time:timestamp" value="2014-11-15T17:29:50.606+02:00"/>
		</event>
		<event>
			<string key="concept:name" value="C"/>
			<string key="lifecycle:transition" value="complete"/>
			<date key="time:timestamp" value="2014-11-15T17:55:16.308+02:00"/>
		</event>
		<event>
			<string key="concept:name" value="C"/>
			<string key="lifecycle:transition" value="complete"/>
			<date key="time:timestamp" value="2014-11-16T08:47:04.959+02:00"/>
		</event>
		<event>
			<string key="concept:name" value="B"/>
			<string key="lifecycle:transition" value="complete"/>
			<date key="time:timestamp" value="2014-11-16T18:06:21.912+02:00"/>
		</event>
		<event>
			<string key="concept:name" value="A"/>
			<string key="lifecycle:transition" value="complete"/>
			<date key="time:timestamp" value="2014-11-17T03:12:24.794+02:00"/>
		</event>
		<event>
			<string key="concept:name" value="C"/>
			<string key="lifecycle:transition" value="complete"/>
			<date key="time:timestamp" value="2014-11-17T11:10:22.095+02:00"/>
		</event>
	</trace>
	<trace>
		<string key="concept:name" value="Synthetic trace no. 4"/>
		<event>
			<string key="concept:name" value="C"/>
			<string key="lifecycle:transition" value="complete"/>
			<date key="time:timestamp" value="2014-11-18T01:50:11.810+02:00"/>
		</event>
		<event>
			<string key="concept:name" value="A"/>
			<string key="lifecycle:transition" value="complete"/>
			<date key="time:timestamp" value="2014-11-18T08:46:54.709+02:00"/>
		</event>
		<event>
			<string key="concept:name" value="A"/>
			<string key="lifecycle:transition" value="complete"/>
			<date key="time:timestamp" value="2014-11-18T17:42:49.824+02:00"/>
		</event>
		<event>
			<string key="concept:name" value="C"/>
			<string key="lifecycle:transition" value="complete"/>
			<date key="time:timestamp" value="2014-11-18T19:58:29.553+02:00"/>
		</event>
		<event>
			<string key="concept:name" value="B"/>
			<string key="lifecycle:transition" value="complete"/>
			<date key="time:timestamp" value="2014-11-19T11:49:41.163+02:00"/>
		</event>
		<event>
			<string key="concept:name" value="B"/>
			<string key="lifecycle:transition" value="complete"/>
			<date key="time:timestamp" value="2014-11-19T12:44:35.002+02:00"/>
		</event>
		<event>
			<string key="concept:name" value="A"/>
			<string key="lifecycle:transition" value="complete"/>
			<date key="time:timestamp" value="2014-11-20T11:26:10.953+02:00"/>
		</event>
		<event>
			<string key="concept:name" value="C"/>
			<string key="lifecycle:transition" value="complete"/>
			<date key="time:timestamp" value="2014-11-20T19:08:52.397+02:00"/>
		</event>
		<event>
			<string key="concept:name" value="B"/>
			<string key="lifecycle:transition" value="complete"/>
			<date key="time:timestamp" value="2014-11-21T02:32:56.565+02:00"/>
		</event>
		<event>
			<string key="concept:name" value="B"/>
			<string key="lifecycle:transition" value="complete"/>
			<date key="time:timestamp" value="2014-11-21T17:34:30.570+02:00"/>
		</event>
	</trace>
	<trace>
		<string key="concept:name" value="Synthetic trace no. 5"/>
		<event>
			<string key="concept:name" value="C"/>
			<string key="lifecycle:transition" value="complete"/>
			<date key="time:timestamp" value="2014-11-22T11:21:53.721+02:00"/>
		</event>
		<event>
			<string key="concept:name" value="A"/>
			<string key="lifecycle:transition" value="complete"/>
			<date key="time:timestamp" value="2014-11-23T01:05:01.657+02:00"/>
		</event>
		<event>
			<string key="concept:name" value="C"/>
			<string key="lifecycle:transition" value="complete"/>
			<date key="time:timestamp" value="2014-11-23T19:54:54.572+02:00"/>
		</event>
		<event>
			<string key="concept:name" value="B"/>
			<string key="lifecycle:transition" value="complete"/>
			<date key="time:timestamp" value="2014-11-24T16:34:35.779+02:00"/>
		</event>
		<event>
			<string key="concept:name" value="B"/>
			<string key="lifecycle:transition" value="complete"/>
			<date key="time:timestamp" value="2014-11-25T06:45:22.215+02:00"/>
		</event>
		<event>
			<string key="concept:name" value="B"/>
			<string key="lifecycle:transition" value="complete"/>
			<date key="time:timestamp" value="2014-11-25T15:27:56.520+02:00"/>
		</event>
		<event>
			<string key="concept:name" value="C"/>
			<string key="lifecycle:transition" value="complete"/>
			<date key="time:timestamp" value="2014-11-25T21:25:43.771+02:00"/>
		</event>
		<event>
			<string key="concept:name" value="B"/>
			<string key="lifecycle:transition" value="complete"/>
			<date key="time:timestamp" value="2014-11-26T16:38:18.641+02:00"/>
		</event>
		<event>
			<string key="concept:name" value="B"/>
			<string key="lifecycle:transition" value="complete"/>
			<date key="time:timestamp" value="2014-11-26T18:23:11.835+02:00"/>
		</event>
		<event>
			<string key="concept:name" value="A"/>
			<string key="lifecycle:transition" value="complete"/>
			<date key="time:timestamp" value="2014-11-26T22:36:27.962+02:00"/>
		</event>
	</trace>
	<trace>
		<string key="concept:name" value="Synthetic trace no. 6"/>
		<event>
			<string key="concept:name" value="C"/>
			<string key="lifecycle:transition" value="complete"/>
			<date key="time:timestamp" value="2014-11-27T01:48:03.595+02:00"/>
		</event>
		<event>
			<string key="concept:name" value="C"/>
			<string key="lifecycle:transition" value="complete"/>
			<date key="time:timestamp" value="2014-11-27T03:40:36.295+02:00"/>
		</event>
		<event>
			<string key="concept:name" value="C"/>
			<string key="lifecycle:transition" value="complete"/>
			<date key="time:timestamp" value="2014-11-27T21:38:08.335+02:00"/>
		</event>
		<event>
			<string key="concept:name" value="C"/>
			<string key="lifecycle:transition" value="complete"/>
			<date key="time:timestamp" value="2014-11-28T06:49:54.477+02:00"/>
		</event>
		<event>
			<string key="concept:name" value="A"/>
			<string key="lifecycle:transition" value="complete"/>
			<date key="time:timestamp" value="2014-11-28T22:13:10.760+02:00"/>
		</event>
		<event>
			<string key="concept:name" value="B"/>
			<string key="lifecycle:transition" value="complete"/>
			<date key="time:timestamp" value="2014-11-29T06:26:30.617+02:00"/>
		</event>
		<event>
			<string key="concept:name" value="A"/>
			<string key="lifecycle:transition" value="complete"/>
			<date key="time:timestamp" value="2014-11-29T10:31:50.409+02:00"/>
		</event>
		<event>
			<string key="concept:name" value="B"/>
			<string key="lifecycle:transition" value="complete"/>
			<date key="time:timestamp" value="2014-11-29T21:41:10.390+02:00"/>
		</event>
		<event>
			<string key="concept:name" value="C"/>
			<string key="lifecycle:transition" value="complete"/>
			<date key="time:timestamp" value="2014-11-30T15:02:32.891+02:00"/>
		</event>
		<event>
			<string key="concept:name" value="C"/>
			<string key="lifecycle:transition" value="complete"/>
			<date key="time:timestamp" value="2014-12-01T09:27:55.455+02:00"/>
		</event>
	</trace>
	<trace>
		<string key="concept:name" value="Synthetic trace no. 7"/>
		<event>
			<string key="concept:name" value="A"/>
			<string key="lifecycle:transition" value="complete"/>
			<date key="time:timestamp" value="2014-12-02T00:35:54.784+02:00"/>
		</event>
		<event>
			<string key="concept:name" value="A"/>
			<string key="lifecycle:transition" value="complete"/>
			<date key="time:timestamp" value="2014-12-03T00:26:20.526+02:00"/>
		</event>
		<event>
			<string key="concept:name" value="C"/>
			<string key="lifecycle:transition" value="complete"/>
			<date key="time:timestamp" value="2014-12-03T10:19:34.511+02:00"/>
		</event>
		<event>
			<string key="concept:name" value="B"/>
			<string key="lifecycle:transition" value="complete"/>
			<date key="time:timestamp" value="2014-12-04T04:37:48.227+02:00"/>
		</event>
		<event>
			<string key="concept:name" value="B"/>
			<string key="lifecycle:transition" value="complete"/>
			<date key="time:timestamp" value="2014-12-04T23:10:56.331+02:00"/>
		</event>
		<event>
			<string key="concept:name" value="C"/>
			<string key="lifecycle:transition" value="complete"/>
			<date key="time:timestamp" value="2014-12-05T00:02:23.089+02:00"/>
		</event>
		<event>
			<string key="concept:name" value="C"/>
			<string key="lifecycle:transition" value="complete"/>
			<date key="time:timestamp" value="2014-12-05T10:22:25.697+02:00"/>
		</event>
		<event>
			<string key="concept:name" value="A"/>
			<string key="lifecycle:transition" value="complete"/>
			<date key="time:timestamp" value="2014-12-05T11:58:02.611+02:00"/>
		</event>
		<event>
			<string key="concept:name" value="A"/>
			<string key="lifecycle:transition" value="complete"/>
			<date key="time:timestamp" value="2014-12-06T08:46:59.217+02:00"/>
		</event>
		<event>
			<string key="concept:name" value="C"/>
			<string key="lifecycle:transition" value="complete"/>
			<date key="time:timestamp" value="2014-12-06T12:35:51.703+02:00"/>
		</event>
	</trace>
	<trace>
		<string key="concept:name" value="Synthetic trace no. 8"/>
		<event>
			<string key="concept:name" value="A"/>
			<string key="lifecycle:transition" value="complete"/>
			<date key="time:timestamp" value="2014-12-06T14:20:47.025+02:00"/>
		</event>
		<event>
			<string key="concept:name" value="A"/>
			<string key="lifecycle:transition" value="complete"/>
			<date key="time:timestamp" value="2014-12-07T11:39:16.295+02:00"/>
		</event>
		<event>
			<string key="concept:name" value="B"/>
			<string key="lifecycle:transition" value="complete"/>
			<date key="time:timestamp" value="2014-12-08T09:24:04.834+02:00"/>
		</event>
		<event>
			<string key="concept:name" value="B"/>
			<string key="lifecycle:transition" value="complete"/>
			<date key="time:timestamp" value="2014-12-09T00:18:52.793+02:00"/>
		</event>
		<event>
			<string key="concept:name" value="C"/>
			<string key="lifecycle:transition" value="complete"/>
			<date key="time:timestamp" value="2014-12-09T07:08:23.571+02:00"/>
		</event>
		<event>
			<string key="concept:name" value="A"/>
			<string key="lifecycle:transition" value="complete"/>
			<date key="time:timestamp" value="2014-12-10T05:06:12.759+02:00"/>
		</event>
		<event>
			<string key="concept:name" value="A"/>
			<string key="lifecycle:transition" value="complete"/>
			<date key="time:timestamp" value="2014-12-10T09:26:11.188+02:00"/>
		</event>
		<event>
			<string key="concept:name" value="A"/>
			<string key="lifecycle:transition" value="complete"/>
			<date key="time:timestamp" value="2014-12-11T00:25:43.693+02:00"/>
		</event>
		<event>
			<string key="concept:name" value="B"/>
			<string key="lifecycle:transition" value="complete"/>
			<date key="time:timestamp" value="2014-12-11T21:31:51.951+02:00"/>
		</event>
		<event>
			<string key="concept:name" value="B"/>
			<string key="lifecycle:transition" value="complete"/>
			<date key="time:timestamp" value="2014-12-12T03:43:22.908+02:00"/>
		</event>
	</trace>
	<trace>
		<string key="concept:name" value="Synthetic trace no. 9"/>
		<event>
			<string key="concept:name" value="C"/>
			<string key="lifecycle:transition" value="complete"/>
			<date key="time:timestamp" value="2014-12-13T00:25:36.335+02:00"/>
		</event>
		<event>
			<string key="concept:name" value="C"/>
			<string key="lifecycle:transition" value="complete"/>
			<date key="time:timestamp" value="2014-12-13T09:28:15.332+02:00"/>
		</event>
		<event>
			<string key="concept:name" value="A"/>
			<string key="lifecycle:transition" value="complete"/>
			<date key="time:timestamp" value="2014-12-13T12:31:36.717+02:00"/>
		</event>
		<event>
			<string key="concept:name" value="A"/>
			<string key="lifecycle:transition" value="complete"/>
			<date key="time:timestamp" value="2014-12-14T03:07:15.696+02:00"/>
		</event>
		<event>
			<string key="concept:name" value="B"/>
			<string key="lifecycle:transition" value="complete"/>
			<date key="time:timestamp" value="2014-12-15T00:27:39.975+02:00"/>
		</event>
		<event>
			<string key="concept:name" value="A"/>
			<string key="lifecycle:transition" value="complete"/>
			<date key="time:timestamp" value="2014-12-15T01:51:08.186+02:00"/>
		</event>
		<event>
			<string key="concept:name" value="B"/>
			<string key="lifecycle:transition" value="complete"/>
			<date key="time:timestamp" value="2014-12-15T11:12:43.892+02:00"/>
		</event>
		<event>
			<string key="concept:name" value="A"/>
			<string key="lifecycle:transition" value="complete"/>
			<date key="time:timestamp" value="2014-12-15T15:21:53.460+02:00"/>
		</event>
		<event>
			<string key="concept:name" value="C"/>
			<string key="lifecycle:transition" value="complete"/>
			<date key="time:timestamp" value="2014-12-16T11:39:24.722+02:00"/>
		</event>
		<event>
			<string key="concept:name" value="A"/>
			<string key="lifecycle:transition" value="complete"/>
			<date key="time:timestamp" value="2014-12-17T03:08:22.122+02:00"/>
		</event>
	</trace>
</log>
